
Loading weights:   0%|          | 0/245 [00:00<?, ?it/s]
Loading weights:   0%|          | 1/245 [00:00<00:00, 31300.78it/s, Materializing param=model.decoder.embed_positions.weight]
Loading weights:   0%|          | 1/245 [00:00<00:00, 11915.64it/s, Materializing param=model.decoder.embed_positions.weight]
Loading weights:   1%|          | 2/245 [00:00<00:00, 11983.73it/s, Materializing param=model.decoder.embed_tokens.weight]   
Loading weights:   1%|          | 2/245 [00:00<00:00, 10394.81it/s, Materializing param=model.decoder.embed_tokens.weight]
Loading weights:   1%|1         | 3/245 [00:00<00:00, 12145.67it/s, Materializing param=model.decoder.layer_norm.bias]    
Loading weights:   1%|1         | 3/245 [00:00<00:00, 11194.76it/s, Materializing param=model.decoder.layer_norm.bias]
Loading weights:   2%|1         | 4/245 [00:00<00:00, 12797.27it/s, Materializing param=model.decoder.layer_norm.weight]
Loading weights:   2%|1         | 4/245 [00:00<00:00, 12052.60it/s, Materializing param=model.decoder.layer_norm.weight]
Loading weights:   2%|2         | 5/245 [00:00<00:00, 13469.18it/s, Materializing param=model.decoder.layers.0.encoder_attn.k_proj.weight]
Loading weights:   2%|2         | 5/245 [00:00<00:00, 12787.51it/s, Materializing param=model.decoder.layers.0.encoder_attn.k_proj.weight]
Loading weights:   2%|2         | 6/245 [00:00<00:00, 13804.62it/s, Materializing param=model.decoder.layers.0.encoder_attn.out_proj.bias]
Loading weights:   2%|2         | 6/245 [00:00<00:00, 13182.73it/s, Materializing param=model.decoder.layers.0.encoder_attn.out_proj.bias]
Loading weights:   3%|2         | 7/245 [00:00<00:00, 14108.66it/s, Materializing param=model.decoder.layers.0.encoder_attn.out_proj.weight]
Loading weights:   3%|2         | 7/245 [00:00<00:00, 13580.08it/s, Materializing param=model.decoder.layers.0.encoder_attn.out_proj.weight]
Loading weights:   3%|3         | 8/245 [00:00<00:00, 14333.38it/s, Materializing param=model.decoder.layers.0.encoder_attn.q_proj.bias]    
Loading weights:   3%|3         | 8/245 [00:00<00:00, 13854.02it/s, Materializing param=model.decoder.layers.0.encoder_attn.q_proj.bias]
Loading weights:   4%|3         | 9/245 [00:00<00:00, 14574.80it/s, Materializing param=model.decoder.layers.0.encoder_attn.q_proj.weight]
Loading weights:   4%|3         | 9/245 [00:00<00:00, 14143.40it/s, Materializing param=model.decoder.layers.0.encoder_attn.q_proj.weight]
Loading weights:   4%|4         | 10/245 [00:00<00:00, 10225.02it/s, Materializing param=model.decoder.layers.0.encoder_attn.v_proj.bias] 
Loading weights:   4%|4         | 10/245 [00:00<00:00, 9706.79it/s, Materializing param=model.decoder.layers.0.encoder_attn.v_proj.bias] 
Loading weights:   4%|4         | 11/245 [00:00<00:00, 9436.97it/s, Materializing param=model.decoder.layers.0.encoder_attn.v_proj.weight]
Loading weights:   4%|4         | 11/245 [00:00<00:00, 9209.05it/s, Materializing param=model.decoder.layers.0.encoder_attn.v_proj.weight]
Loading weights:   5%|4         | 12/245 [00:00<00:00, 9616.29it/s, Materializing param=model.decoder.layers.0.encoder_attn_layer_norm.bias]
Loading weights:   5%|4         | 12/245 [00:00<00:00, 9459.06it/s, Materializing param=model.decoder.layers.0.encoder_attn_layer_norm.bias]
Loading weights:   5%|5         | 13/245 [00:00<00:00, 9886.85it/s, Materializing param=model.decoder.layers.0.encoder_attn_layer_norm.weight]
Loading weights:   5%|5         | 13/245 [00:00<00:00, 9740.26it/s, Materializing param=model.decoder.layers.0.encoder_attn_layer_norm.weight]
Loading weights:   6%|5         | 14/245 [00:00<00:00, 9510.89it/s, Materializing param=model.decoder.layers.0.fc1.bias]                      
Loading weights:   6%|5         | 14/245 [00:00<00:00, 9196.59it/s, Materializing param=model.decoder.layers.0.fc1.bias]
Loading weights:   6%|6         | 15/245 [00:00<00:00, 9467.95it/s, Materializing param=model.decoder.layers.0.fc1.weight]
Loading weights:   6%|6         | 15/245 [00:00<00:00, 9335.89it/s, Materializing param=model.decoder.layers.0.fc1.weight]
Loading weights:   7%|6         | 16/245 [00:00<00:00, 9688.01it/s, Materializing param=model.decoder.layers.0.fc2.bias]  
Loading weights:   7%|6         | 16/245 [00:00<00:00, 9573.30it/s, Materializing param=model.decoder.layers.0.fc2.bias]
Loading weights:   7%|6         | 17/245 [00:00<00:00, 9933.57it/s, Materializing param=model.decoder.layers.0.fc2.weight]
Loading weights:   7%|6         | 17/245 [00:00<00:00, 9826.79it/s, Materializing param=model.decoder.layers.0.fc2.weight]
Loading weights:   7%|7         | 18/245 [00:00<00:00, 10178.98it/s, Materializing param=model.decoder.layers.0.final_layer_norm.bias]
Loading weights:   7%|7         | 18/245 [00:00<00:00, 10069.01it/s, Materializing param=model.decoder.layers.0.final_layer_norm.bias]
Loading weights:   8%|7         | 19/245 [00:00<00:00, 10394.13it/s, Materializing param=model.decoder.layers.0.final_layer_norm.weight]
Loading weights:   8%|7         | 19/245 [00:00<00:00, 10289.45it/s, Materializing param=model.decoder.layers.0.final_layer_norm.weight]
Loading weights:   8%|8         | 20/245 [00:00<00:00, 9313.43it/s, Materializing param=model.decoder.layers.0.self_attn.k_proj.weight] 
Loading weights:   8%|8         | 20/245 [00:00<00:00, 9096.30it/s, Materializing param=model.decoder.layers.0.self_attn.k_proj.weight]
Loading weights:   9%|8         | 21/245 [00:00<00:00, 9282.37it/s, Materializing param=model.decoder.layers.0.self_attn.out_proj.bias]
Loading weights:   9%|8         | 21/245 [00:00<00:00, 9190.36it/s, Materializing param=model.decoder.layers.0.self_attn.out_proj.bias]
Loading weights:   9%|8         | 22/245 [00:00<00:00, 9433.11it/s, Materializing param=model.decoder.layers.0.self_attn.out_proj.weight]
Loading weights:   9%|8         | 22/245 [00:00<00:00, 9352.80it/s, Materializing param=model.decoder.layers.0.self_attn.out_proj.weight]
Loading weights:   9%|9         | 23/245 [00:00<00:00, 9610.38it/s, Materializing param=model.decoder.layers.0.self_attn.q_proj.bias]    
Loading weights:   9%|9         | 23/245 [00:00<00:00, 9535.34it/s, Materializing param=model.decoder.layers.0.self_attn.q_proj.bias]
Loading weights:  10%|9         | 24/245 [00:00<00:00, 9787.39it/s, Materializing param=model.decoder.layers.0.self_attn.q_proj.weight]
Loading weights:  10%|9         | 24/245 [00:00<00:00, 9713.72it/s, Materializing param=model.decoder.layers.0.self_attn.q_proj.weight]
Loading weights:  10%|#         | 25/245 [00:00<00:00, 9640.31it/s, Materializing param=model.decoder.layers.0.self_attn.v_proj.bias]  
Loading weights:  10%|#         | 25/245 [00:00<00:00, 9466.25it/s, Materializing param=model.decoder.layers.0.self_attn.v_proj.bias]
Loading weights:  11%|#         | 26/245 [00:00<00:00, 8941.61it/s, Materializing param=model.decoder.layers.0.self_attn.v_proj.weight]
Loading weights:  11%|#         | 26/245 [00:00<00:00, 8776.11it/s, Materializing param=model.decoder.layers.0.self_attn.v_proj.weight]
Loading weights:  11%|#1        | 27/245 [00:00<00:00, 8910.01it/s, Materializing param=model.decoder.layers.0.self_attn_layer_norm.bias]
Loading weights:  11%|#1        | 27/245 [00:00<00:00, 8839.07it/s, Materializing param=model.decoder.layers.0.self_attn_layer_norm.bias]
Loading weights:  11%|#1        | 28/245 [00:00<00:00, 9028.33it/s, Materializing param=model.decoder.layers.0.self_attn_layer_norm.weight]
Loading weights:  11%|#1        | 28/245 [00:00<00:00, 8970.40it/s, Materializing param=model.decoder.layers.0.self_attn_layer_norm.weight]
Loading weights:  12%|#1        | 29/245 [00:00<00:00, 9168.22it/s, Materializing param=model.decoder.layers.1.encoder_attn.k_proj.weight] 
Loading weights:  12%|#1        | 29/245 [00:00<00:00, 9107.81it/s, Materializing param=model.decoder.layers.1.encoder_attn.k_proj.weight]
Loading weights:  12%|#2        | 30/245 [00:00<00:00, 9294.51it/s, Materializing param=model.decoder.layers.1.encoder_attn.out_proj.bias]
Loading weights:  12%|#2        | 30/245 [00:00<00:00, 9240.59it/s, Materializing param=model.decoder.layers.1.encoder_attn.out_proj.bias]
Loading weights:  13%|#2        | 31/245 [00:00<00:00, 9432.92it/s, Materializing param=model.decoder.layers.1.encoder_attn.out_proj.weight]
Loading weights:  13%|#2        | 31/245 [00:00<00:00, 9378.49it/s, Materializing param=model.decoder.layers.1.encoder_attn.out_proj.weight]
Loading weights:  13%|#3        | 32/245 [00:00<00:00, 9104.44it/s, Materializing param=model.decoder.layers.1.encoder_attn.q_proj.bias]    
Loading weights:  13%|#3        | 32/245 [00:00<00:00, 8978.98it/s, Materializing param=model.decoder.layers.1.encoder_attn.q_proj.bias]
Loading weights:  13%|#3        | 33/245 [00:00<00:00, 8791.97it/s, Materializing param=model.decoder.layers.1.encoder_attn.q_proj.weight]
Loading weights:  13%|#3        | 33/245 [00:00<00:00, 8724.91it/s, Materializing param=model.decoder.layers.1.encoder_attn.q_proj.weight]
Loading weights:  14%|#3        | 34/245 [00:00<00:00, 8879.04it/s, Materializing param=model.decoder.layers.1.encoder_attn.v_proj.bias]  
Loading weights:  14%|#3        | 34/245 [00:00<00:00, 8832.30it/s, Materializing param=model.decoder.layers.1.encoder_attn.v_proj.bias]
Loading weights:  14%|#4        | 35/245 [00:00<00:00, 8992.38it/s, Materializing param=model.decoder.layers.1.encoder_attn.v_proj.weight]
Loading weights:  14%|#4        | 35/245 [00:00<00:00, 8937.09it/s, Materializing param=model.decoder.layers.1.encoder_attn.v_proj.weight]
Loading weights:  15%|#4        | 36/245 [00:00<00:00, 9098.27it/s, Materializing param=model.decoder.layers.1.encoder_attn_layer_norm.bias]
Loading weights:  15%|#4        | 36/245 [00:00<00:00, 9053.54it/s, Materializing param=model.decoder.layers.1.encoder_attn_layer_norm.bias]
Loading weights:  15%|#5        | 37/245 [00:00<00:00, 9185.51it/s, Materializing param=model.decoder.layers.1.encoder_attn_layer_norm.weight]
Loading weights:  15%|#5        | 37/245 [00:00<00:00, 9111.63it/s, Materializing param=model.decoder.layers.1.encoder_attn_layer_norm.weight]
Loading weights:  16%|#5        | 38/245 [00:00<00:00, 9240.70it/s, Materializing param=model.decoder.layers.1.fc1.bias]                      
Loading weights:  16%|#5        | 38/245 [00:00<00:00, 9195.91it/s, Materializing param=model.decoder.layers.1.fc1.bias]
Loading weights:  16%|#5        | 39/245 [00:00<00:00, 9346.77it/s, Materializing param=model.decoder.layers.1.fc1.weight]
Loading weights:  16%|#5        | 39/245 [00:00<00:00, 9304.77it/s, Materializing param=model.decoder.layers.1.fc1.weight]
Loading weights:  16%|#6        | 40/245 [00:00<00:00, 9191.99it/s, Materializing param=model.decoder.layers.1.fc2.bias]  
Loading weights:  16%|#6        | 40/245 [00:00<00:00, 9106.17it/s, Materializing param=model.decoder.layers.1.fc2.bias]
Loading weights:  17%|#6        | 41/245 [00:00<00:00, 9222.70it/s, Materializing param=model.decoder.layers.1.fc2.weight]
Loading weights:  17%|#6        | 41/245 [00:00<00:00, 9180.85it/s, Materializing param=model.decoder.layers.1.fc2.weight]
Loading weights:  17%|#7        | 42/245 [00:00<00:00, 9225.98it/s, Materializing param=model.decoder.layers.1.final_layer_norm.bias]
Loading weights:  17%|#7        | 42/245 [00:00<00:00, 9182.69it/s, Materializing param=model.decoder.layers.1.final_layer_norm.bias]
Loading weights:  18%|#7        | 43/245 [00:00<00:00, 9314.90it/s, Materializing param=model.decoder.layers.1.final_layer_norm.weight]
Loading weights:  18%|#7        | 43/245 [00:00<00:00, 9276.09it/s, Materializing param=model.decoder.layers.1.final_layer_norm.weight]
Loading weights:  18%|#7        | 44/245 [00:00<00:00, 8787.23it/s, Materializing param=model.decoder.layers.1.self_attn.k_proj.weight]
Loading weights:  18%|#7        | 44/245 [00:00<00:00, 8695.32it/s, Materializing param=model.decoder.layers.1.self_attn.k_proj.weight]
Loading weights:  18%|#8        | 45/245 [00:00<00:00, 8782.86it/s, Materializing param=model.decoder.layers.1.self_attn.out_proj.bias]
Loading weights:  18%|#8        | 45/245 [00:00<00:00, 8742.99it/s, Materializing param=model.decoder.layers.1.self_attn.out_proj.bias]
Loading weights:  19%|#8        | 46/245 [00:00<00:00, 8858.09it/s, Materializing param=model.decoder.layers.1.self_attn.out_proj.weight]
Loading weights:  19%|#8        | 46/245 [00:00<00:00, 8823.25it/s, Materializing param=model.decoder.layers.1.self_attn.out_proj.weight]
Loading weights:  19%|#9        | 47/245 [00:00<00:00, 8944.30it/s, Materializing param=model.decoder.layers.1.self_attn.q_proj.bias]    
Loading weights:  19%|#9        | 47/245 [00:00<00:00, 8909.93it/s, Materializing param=model.decoder.layers.1.self_attn.q_proj.bias]
Loading weights:  20%|#9        | 48/245 [00:00<00:00, 8749.15it/s, Materializing param=model.decoder.layers.1.self_attn.q_proj.weight]
Loading weights:  20%|#9        | 48/245 [00:00<00:00, 8430.06it/s, Materializing param=model.decoder.layers.1.self_attn.q_proj.weight]
Loading weights:  20%|##        | 49/245 [00:00<00:00, 8409.20it/s, Materializing param=model.decoder.layers.1.self_attn.v_proj.bias]  
Loading weights:  20%|##        | 49/245 [00:00<00:00, 8338.58it/s, Materializing param=model.decoder.layers.1.self_attn.v_proj.bias]
Loading weights:  20%|##        | 50/245 [00:00<00:00, 8265.94it/s, Materializing param=model.decoder.layers.1.self_attn.v_proj.weight]
Loading weights:  20%|##        | 50/245 [00:00<00:00, 8201.29it/s, Materializing param=model.decoder.layers.1.self_attn.v_proj.weight]
Loading weights:  21%|##        | 51/245 [00:00<00:00, 8280.47it/s, Materializing param=model.decoder.layers.1.self_attn_layer_norm.bias]
Loading weights:  21%|##        | 51/245 [00:00<00:00, 8238.70it/s, Materializing param=model.decoder.layers.1.self_attn_layer_norm.bias]
Loading weights:  21%|##1       | 52/245 [00:00<00:00, 8320.76it/s, Materializing param=model.decoder.layers.1.self_attn_layer_norm.weight]
Loading weights:  21%|##1       | 52/245 [00:00<00:00, 8239.35it/s, Materializing param=model.decoder.layers.1.self_attn_layer_norm.weight]
Loading weights:  22%|##1       | 53/245 [00:00<00:00, 8275.25it/s, Materializing param=model.decoder.layers.2.encoder_attn.k_proj.weight] 
Loading weights:  22%|##1       | 53/245 [00:00<00:00, 8229.30it/s, Materializing param=model.decoder.layers.2.encoder_attn.k_proj.weight]
Loading weights:  22%|##2       | 54/245 [00:00<00:00, 8161.30it/s, Materializing param=model.decoder.layers.2.encoder_attn.out_proj.bias]
Loading weights:  22%|##2       | 54/245 [00:00<00:00, 8105.52it/s, Materializing param=model.decoder.layers.2.encoder_attn.out_proj.bias]
Loading weights:  22%|##2       | 55/245 [00:00<00:00, 8184.15it/s, Materializing param=model.decoder.layers.2.encoder_attn.out_proj.weight]
Loading weights:  22%|##2       | 55/245 [00:00<00:00, 8157.82it/s, Materializing param=model.decoder.layers.2.encoder_attn.out_proj.weight]
Loading weights:  23%|##2       | 56/245 [00:00<00:00, 8253.02it/s, Materializing param=model.decoder.layers.2.encoder_attn.q_proj.bias]    
Loading weights:  23%|##2       | 56/245 [00:00<00:00, 8229.89it/s, Materializing param=model.decoder.layers.2.encoder_attn.q_proj.bias]
Loading weights:  23%|##3       | 57/245 [00:00<00:00, 8082.88it/s, Materializing param=model.decoder.layers.2.encoder_attn.q_proj.weight]
Loading weights:  23%|##3       | 57/245 [00:00<00:00, 8029.94it/s, Materializing param=model.decoder.layers.2.encoder_attn.q_proj.weight]
Loading weights:  24%|##3       | 58/245 [00:00<00:00, 8105.21it/s, Materializing param=model.decoder.layers.2.encoder_attn.v_proj.bias]  
Loading weights:  24%|##3       | 58/245 [00:00<00:00, 8081.24it/s, Materializing param=model.decoder.layers.2.encoder_attn.v_proj.bias]
Loading weights:  24%|##4       | 59/245 [00:00<00:00, 8171.17it/s, Materializing param=model.decoder.layers.2.encoder_attn.v_proj.weight]
Loading weights:  24%|##4       | 59/245 [00:00<00:00, 8149.11it/s, Materializing param=model.decoder.layers.2.encoder_attn.v_proj.weight]
Loading weights:  24%|##4       | 60/245 [00:00<00:00, 8235.70it/s, Materializing param=model.decoder.layers.2.encoder_attn_layer_norm.bias]
Loading weights:  24%|##4       | 60/245 [00:00<00:00, 8213.66it/s, Materializing param=model.decoder.layers.2.encoder_attn_layer_norm.bias]
Loading weights:  25%|##4       | 61/245 [00:00<00:00, 8298.01it/s, Materializing param=model.decoder.layers.2.encoder_attn_layer_norm.weight]
Loading weights:  25%|##4       | 61/245 [00:00<00:00, 8274.93it/s, Materializing param=model.decoder.layers.2.encoder_attn_layer_norm.weight]
Loading weights:  25%|##5       | 62/245 [00:00<00:00, 8363.52it/s, Materializing param=model.decoder.layers.2.fc1.bias]                      
Loading weights:  25%|##5       | 62/245 [00:00<00:00, 8341.79it/s, Materializing param=model.decoder.layers.2.fc1.bias]
Loading weights:  26%|##5       | 63/245 [00:00<00:00, 8431.43it/s, Materializing param=model.decoder.layers.2.fc1.weight]
Loading weights:  26%|##5       | 63/245 [00:00<00:00, 8411.04it/s, Materializing param=model.decoder.layers.2.fc1.weight]
Loading weights:  26%|##6       | 64/245 [00:00<00:00, 8502.06it/s, Materializing param=model.decoder.layers.2.fc2.bias]  
Loading weights:  26%|##6       | 64/245 [00:00<00:00, 8481.37it/s, Materializing param=model.decoder.layers.2.fc2.bias]
Loading weights:  27%|##6       | 65/245 [00:00<00:00, 8571.38it/s, Materializing param=model.decoder.layers.2.fc2.weight]
Loading weights:  27%|##6       | 65/245 [00:00<00:00, 8551.21it/s, Materializing param=model.decoder.layers.2.fc2.weight]
Loading weights:  27%|##6       | 66/245 [00:00<00:00, 8584.76it/s, Materializing param=model.decoder.layers.2.final_layer_norm.bias]
Loading weights:  27%|##6       | 66/245 [00:00<00:00, 8533.94it/s, Materializing param=model.decoder.layers.2.final_layer_norm.bias]
Loading weights:  27%|##7       | 67/245 [00:00<00:00, 8538.48it/s, Materializing param=model.decoder.layers.2.final_layer_norm.weight]
Loading weights:  27%|##7       | 67/245 [00:00<00:00, 8512.87it/s, Materializing param=model.decoder.layers.2.final_layer_norm.weight]
Loading weights:  28%|##7       | 68/245 [00:00<00:00, 8591.00it/s, Materializing param=model.decoder.layers.2.self_attn.k_proj.weight]
Loading weights:  28%|##7       | 68/245 [00:00<00:00, 8569.83it/s, Materializing param=model.decoder.layers.2.self_attn.k_proj.weight]
Loading weights:  28%|##8       | 69/245 [00:00<00:00, 8646.50it/s, Materializing param=model.decoder.layers.2.self_attn.out_proj.bias]
Loading weights:  28%|##8       | 69/245 [00:00<00:00, 8625.88it/s, Materializing param=model.decoder.layers.2.self_attn.out_proj.bias]
Loading weights:  29%|##8       | 70/245 [00:00<00:00, 8614.81it/s, Materializing param=model.decoder.layers.2.self_attn.out_proj.weight]
Loading weights:  29%|##8       | 70/245 [00:00<00:00, 8362.56it/s, Materializing param=model.decoder.layers.2.self_attn.out_proj.weight]
Loading weights:  29%|##8       | 71/245 [00:00<00:00, 8285.22it/s, Materializing param=model.decoder.layers.2.self_attn.q_proj.bias]    
Loading weights:  29%|##8       | 71/245 [00:00<00:00, 8214.60it/s, Materializing param=model.decoder.layers.2.self_attn.q_proj.bias]
Loading weights:  29%|##9       | 72/245 [00:00<00:00, 8256.73it/s, Materializing param=model.decoder.layers.2.self_attn.q_proj.weight]
Loading weights:  29%|##9       | 72/245 [00:00<00:00, 8146.70it/s, Materializing param=model.decoder.layers.2.self_attn.q_proj.weight]
Loading weights:  30%|##9       | 73/245 [00:00<00:00, 8109.98it/s, Materializing param=model.decoder.layers.2.self_attn.v_proj.bias]  
Loading weights:  30%|##9       | 73/245 [00:00<00:00, 8000.63it/s, Materializing param=model.decoder.layers.2.self_attn.v_proj.bias]
Loading weights:  30%|###       | 74/245 [00:00<00:00, 7998.00it/s, Materializing param=model.decoder.layers.2.self_attn.v_proj.weight]
Loading weights:  30%|###       | 74/245 [00:00<00:00, 7971.91it/s, Materializing param=model.decoder.layers.2.self_attn.v_proj.weight]
Loading weights:  31%|###       | 75/245 [00:00<00:00, 8018.88it/s, Materializing param=model.decoder.layers.2.self_attn_layer_norm.bias]
Loading weights:  31%|###       | 75/245 [00:00<00:00, 7998.49it/s, Materializing param=model.decoder.layers.2.self_attn_layer_norm.bias]
Loading weights:  31%|###1      | 76/245 [00:00<00:00, 8015.06it/s, Materializing param=model.decoder.layers.2.self_attn_layer_norm.weight]
Loading weights:  31%|###1      | 76/245 [00:00<00:00, 7918.50it/s, Materializing param=model.decoder.layers.2.self_attn_layer_norm.weight]
Loading weights:  31%|###1      | 77/245 [00:00<00:00, 7966.68it/s, Materializing param=model.decoder.layers.3.encoder_attn.k_proj.weight] 
Loading weights:  31%|###1      | 77/245 [00:00<00:00, 7946.89it/s, Materializing param=model.decoder.layers.3.encoder_attn.k_proj.weight]
Loading weights:  32%|###1      | 78/245 [00:00<00:00, 8012.63it/s, Materializing param=model.decoder.layers.3.encoder_attn.out_proj.bias]
Loading weights:  32%|###1      | 78/245 [00:00<00:00, 7995.79it/s, Materializing param=model.decoder.layers.3.encoder_attn.out_proj.bias]
Loading weights:  32%|###2      | 79/245 [00:00<00:00, 8028.64it/s, Materializing param=model.decoder.layers.3.encoder_attn.out_proj.weight]
Loading weights:  32%|###2      | 79/245 [00:00<00:00, 7987.03it/s, Materializing param=model.decoder.layers.3.encoder_attn.out_proj.weight]
Loading weights:  33%|###2      | 80/245 [00:00<00:00, 8024.69it/s, Materializing param=model.decoder.layers.3.encoder_attn.q_proj.bias]    
Loading weights:  33%|###2      | 80/245 [00:00<00:00, 8005.73it/s, Materializing param=model.decoder.layers.3.encoder_attn.q_proj.bias]
Loading weights:  33%|###3      | 81/245 [00:00<00:00, 7921.53it/s, Materializing param=model.decoder.layers.3.encoder_attn.q_proj.weight]
Loading weights:  33%|###3      | 81/245 [00:00<00:00, 7777.01it/s, Materializing param=model.decoder.layers.3.encoder_attn.q_proj.weight]
Loading weights:  33%|###3      | 82/245 [00:00<00:00, 7790.98it/s, Materializing param=model.decoder.layers.3.encoder_attn.v_proj.bias]  
Loading weights:  33%|###3      | 82/245 [00:00<00:00, 7768.63it/s, Materializing param=model.decoder.layers.3.encoder_attn.v_proj.bias]
Loading weights:  34%|###3      | 83/245 [00:00<00:00, 7817.81it/s, Materializing param=model.decoder.layers.3.encoder_attn.v_proj.weight]
Loading weights:  34%|###3      | 83/245 [00:00<00:00, 7796.98it/s, Materializing param=model.decoder.layers.3.encoder_attn.v_proj.weight]
Loading weights:  34%|###4      | 84/245 [00:00<00:00, 7854.85it/s, Materializing param=model.decoder.layers.3.encoder_attn_layer_norm.bias]
Loading weights:  34%|###4      | 84/245 [00:00<00:00, 7840.69it/s, Materializing param=model.decoder.layers.3.encoder_attn_layer_norm.bias]
Loading weights:  35%|###4      | 85/245 [00:00<00:00, 7903.08it/s, Materializing param=model.decoder.layers.3.encoder_attn_layer_norm.weight]
Loading weights:  35%|###4      | 85/245 [00:00<00:00, 7888.74it/s, Materializing param=model.decoder.layers.3.encoder_attn_layer_norm.weight]
Loading weights:  35%|###5      | 86/245 [00:00<00:00, 7870.96it/s, Materializing param=model.decoder.layers.3.fc1.bias]                      
Loading weights:  35%|###5      | 86/245 [00:00<00:00, 7643.46it/s, Materializing param=model.decoder.layers.3.fc1.bias]
Loading weights:  36%|###5      | 87/245 [00:00<00:00, 7664.29it/s, Materializing param=model.decoder.layers.3.fc1.weight]
Loading weights:  36%|###5      | 87/245 [00:00<00:00, 7613.76it/s, Materializing param=model.decoder.layers.3.fc1.weight]
Loading weights:  36%|###5      | 88/245 [00:00<00:00, 7629.79it/s, Materializing param=model.decoder.layers.3.fc2.bias]  
Loading weights:  36%|###5      | 88/245 [00:00<00:00, 7607.93it/s, Materializing param=model.decoder.layers.3.fc2.bias]
Loading weights:  36%|###6      | 89/245 [00:00<00:00, 7621.96it/s, Materializing param=model.decoder.layers.3.fc2.weight]
Loading weights:  36%|###6      | 89/245 [00:00<00:00, 7022.33it/s, Materializing param=model.decoder.layers.3.fc2.weight]
Loading weights:  37%|###6      | 90/245 [00:00<00:00, 7029.95it/s, Materializing param=model.decoder.layers.3.final_layer_norm.bias]
Loading weights:  37%|###6      | 90/245 [00:00<00:00, 7008.29it/s, Materializing param=model.decoder.layers.3.final_layer_norm.bias]
Loading weights:  37%|###7      | 91/245 [00:00<00:00, 7051.07it/s, Materializing param=model.decoder.layers.3.final_layer_norm.weight]
Loading weights:  37%|###7      | 91/245 [00:00<00:00, 7032.24it/s, Materializing param=model.decoder.layers.3.final_layer_norm.weight]
Loading weights:  38%|###7      | 92/245 [00:00<00:00, 7077.05it/s, Materializing param=model.decoder.layers.3.self_attn.k_proj.weight]
Loading weights:  38%|###7      | 92/245 [00:00<00:00, 7060.73it/s, Materializing param=model.decoder.layers.3.self_attn.k_proj.weight]
Loading weights:  38%|###7      | 93/245 [00:00<00:00, 7106.92it/s, Materializing param=model.decoder.layers.3.self_attn.out_proj.bias]
Loading weights:  38%|###7      | 93/245 [00:00<00:00, 7090.12it/s, Materializing param=model.decoder.layers.3.self_attn.out_proj.bias]
Loading weights:  38%|###8      | 94/245 [00:00<00:00, 6922.27it/s, Materializing param=model.decoder.layers.3.self_attn.out_proj.weight]
Loading weights:  38%|###8      | 94/245 [00:00<00:00, 6890.33it/s, Materializing param=model.decoder.layers.3.self_attn.out_proj.weight]
Loading weights:  39%|###8      | 95/245 [00:00<00:00, 6919.13it/s, Materializing param=model.decoder.layers.3.self_attn.q_proj.bias]    
Loading weights:  39%|###8      | 95/245 [00:00<00:00, 6900.92it/s, Materializing param=model.decoder.layers.3.self_attn.q_proj.bias]
Loading weights:  39%|###9      | 96/245 [00:00<00:00, 6937.63it/s, Materializing param=model.decoder.layers.3.self_attn.q_proj.weight]
Loading weights:  39%|###9      | 96/245 [00:00<00:00, 6922.13it/s, Materializing param=model.decoder.layers.3.self_attn.q_proj.weight]
Loading weights:  40%|###9      | 97/245 [00:00<00:00, 6961.56it/s, Materializing param=model.decoder.layers.3.self_attn.v_proj.bias]  
Loading weights:  40%|###9      | 97/245 [00:00<00:00, 6946.46it/s, Materializing param=model.decoder.layers.3.self_attn.v_proj.bias]
Loading weights:  40%|####      | 98/245 [00:00<00:00, 6985.87it/s, Materializing param=model.decoder.layers.3.self_attn.v_proj.weight]
Loading weights:  40%|####      | 98/245 [00:00<00:00, 6970.71it/s, Materializing param=model.decoder.layers.3.self_attn.v_proj.weight]
Loading weights:  40%|####      | 99/245 [00:00<00:00, 6801.69it/s, Materializing param=model.decoder.layers.3.self_attn_layer_norm.bias]
Loading weights:  40%|####      | 99/245 [00:00<00:00, 6766.55it/s, Materializing param=model.decoder.layers.3.self_attn_layer_norm.bias]
Loading weights:  41%|####      | 100/245 [00:00<00:00, 6773.20it/s, Materializing param=model.decoder.layers.3.self_attn_layer_norm.weight]
Loading weights:  41%|####      | 100/245 [00:00<00:00, 6749.44it/s, Materializing param=model.decoder.layers.3.self_attn_layer_norm.weight]
Loading weights:  41%|####1     | 101/245 [00:00<00:00, 6783.53it/s, Materializing param=model.decoder.layers.4.encoder_attn.k_proj.weight] 
Loading weights:  41%|####1     | 101/245 [00:00<00:00, 6767.82it/s, Materializing param=model.decoder.layers.4.encoder_attn.k_proj.weight]
Loading weights:  42%|####1     | 102/245 [00:00<00:00, 6804.17it/s, Materializing param=model.decoder.layers.4.encoder_attn.out_proj.bias]
Loading weights:  42%|####1     | 102/245 [00:00<00:00, 6790.02it/s, Materializing param=model.decoder.layers.4.encoder_attn.out_proj.bias]
Loading weights:  42%|####2     | 103/245 [00:00<00:00, 6784.24it/s, Materializing param=model.decoder.layers.4.encoder_attn.out_proj.weight]
Loading weights:  42%|####2     | 103/245 [00:00<00:00, 6756.33it/s, Materializing param=model.decoder.layers.4.encoder_attn.out_proj.weight]
Loading weights:  42%|####2     | 104/245 [00:00<00:00, 6735.03it/s, Materializing param=model.decoder.layers.4.encoder_attn.q_proj.bias]    
Loading weights:  42%|####2     | 104/245 [00:00<00:00, 6576.92it/s, Materializing param=model.decoder.layers.4.encoder_attn.q_proj.bias]
Loading weights:  43%|####2     | 105/245 [00:00<00:00, 6591.56it/s, Materializing param=model.decoder.layers.4.encoder_attn.q_proj.weight]
Loading weights:  43%|####2     | 105/245 [00:00<00:00, 6537.16it/s, Materializing param=model.decoder.layers.4.encoder_attn.q_proj.weight]
Loading weights:  43%|####3     | 106/245 [00:00<00:00, 6441.84it/s, Materializing param=model.decoder.layers.4.encoder_attn.v_proj.bias]  
Loading weights:  43%|####3     | 106/245 [00:00<00:00, 6329.31it/s, Materializing param=model.decoder.layers.4.encoder_attn.v_proj.bias]
Loading weights:  44%|####3     | 107/245 [00:00<00:00, 6283.73it/s, Materializing param=model.decoder.layers.4.encoder_attn.v_proj.weight]
Loading weights:  44%|####3     | 107/245 [00:00<00:00, 6259.63it/s, Materializing param=model.decoder.layers.4.encoder_attn.v_proj.weight]
Loading weights:  44%|####4     | 108/245 [00:00<00:00, 6264.57it/s, Materializing param=model.decoder.layers.4.encoder_attn_layer_norm.bias]
Loading weights:  44%|####4     | 108/245 [00:00<00:00, 6243.93it/s, Materializing param=model.decoder.layers.4.encoder_attn_layer_norm.bias]
Loading weights:  44%|####4     | 109/245 [00:00<00:00, 6275.62it/s, Materializing param=model.decoder.layers.4.encoder_attn_layer_norm.weight]
Loading weights:  44%|####4     | 109/245 [00:00<00:00, 6265.30it/s, Materializing param=model.decoder.layers.4.encoder_attn_layer_norm.weight]
Loading weights:  45%|####4     | 110/245 [00:00<00:00, 6263.04it/s, Materializing param=model.decoder.layers.4.fc1.bias]                      
Loading weights:  45%|####4     | 110/245 [00:00<00:00, 6239.92it/s, Materializing param=model.decoder.layers.4.fc1.bias]
Loading weights:  45%|####5     | 111/245 [00:00<00:00, 6265.29it/s, Materializing param=model.decoder.layers.4.fc1.weight]
Loading weights:  45%|####5     | 111/245 [00:00<00:00, 6251.75it/s, Materializing param=model.decoder.layers.4.fc1.weight]
Loading weights:  46%|####5     | 112/245 [00:00<00:00, 6258.82it/s, Materializing param=model.decoder.layers.4.fc2.bias]  
Loading weights:  46%|####5     | 112/245 [00:00<00:00, 6241.77it/s, Materializing param=model.decoder.layers.4.fc2.bias]
Loading weights:  46%|####6     | 113/245 [00:00<00:00, 6269.68it/s, Materializing param=model.decoder.layers.4.fc2.weight]
Loading weights:  46%|####6     | 113/245 [00:00<00:00, 6256.85it/s, Materializing param=model.decoder.layers.4.fc2.weight]
Loading weights:  47%|####6     | 114/245 [00:00<00:00, 6283.77it/s, Materializing param=model.decoder.layers.4.final_layer_norm.bias]
Loading weights:  47%|####6     | 114/245 [00:00<00:00, 6275.85it/s, Materializing param=model.decoder.layers.4.final_layer_norm.bias]
Loading weights:  47%|####6     | 115/245 [00:00<00:00, 6314.08it/s, Materializing param=model.decoder.layers.4.final_layer_norm.weight]
Loading weights:  47%|####6     | 115/245 [00:00<00:00, 6303.93it/s, Materializing param=model.decoder.layers.4.final_layer_norm.weight]
Loading weights:  47%|####7     | 116/245 [00:00<00:00, 6311.89it/s, Materializing param=model.decoder.layers.4.self_attn.k_proj.weight]
Loading weights:  47%|####7     | 116/245 [00:00<00:00, 6293.27it/s, Materializing param=model.decoder.layers.4.self_attn.k_proj.weight]
Loading weights:  48%|####7     | 117/245 [00:00<00:00, 6323.89it/s, Materializing param=model.decoder.layers.4.self_attn.out_proj.bias]
Loading weights:  48%|####7     | 117/245 [00:00<00:00, 6312.66it/s, Materializing param=model.decoder.layers.4.self_attn.out_proj.bias]
Loading weights:  48%|####8     | 118/245 [00:00<00:00, 6271.58it/s, Materializing param=model.decoder.layers.4.self_attn.out_proj.weight]
Loading weights:  48%|####8     | 118/245 [00:00<00:00, 6249.72it/s, Materializing param=model.decoder.layers.4.self_attn.out_proj.weight]
Loading weights:  49%|####8     | 119/245 [00:00<00:00, 6224.32it/s, Materializing param=model.decoder.layers.4.self_attn.q_proj.bias]    
Loading weights:  49%|####8     | 119/245 [00:00<00:00, 6208.37it/s, Materializing param=model.decoder.layers.4.self_attn.q_proj.bias]
Loading weights:  49%|####8     | 120/245 [00:00<00:00, 6220.93it/s, Materializing param=model.decoder.layers.4.self_attn.q_proj.weight]
Loading weights:  49%|####8     | 120/245 [00:00<00:00, 6199.39it/s, Materializing param=model.decoder.layers.4.self_attn.q_proj.weight]
Loading weights:  49%|####9     | 121/245 [00:00<00:00, 6214.47it/s, Materializing param=model.decoder.layers.4.self_attn.v_proj.bias]  
Loading weights:  49%|####9     | 121/245 [00:00<00:00, 6193.31it/s, Materializing param=model.decoder.layers.4.self_attn.v_proj.bias]
Loading weights:  50%|####9     | 122/245 [00:00<00:00, 6214.76it/s, Materializing param=model.decoder.layers.4.self_attn.v_proj.weight]
Loading weights:  50%|####9     | 122/245 [00:00<00:00, 6197.15it/s, Materializing param=model.decoder.layers.4.self_attn.v_proj.weight]
Loading weights:  50%|#####     | 123/245 [00:00<00:00, 6208.55it/s, Materializing param=model.decoder.layers.4.self_attn_layer_norm.bias]
Loading weights:  50%|#####     | 123/245 [00:00<00:00, 6196.47it/s, Materializing param=model.decoder.layers.4.self_attn_layer_norm.bias]
Loading weights:  51%|#####     | 124/245 [00:00<00:00, 6174.90it/s, Materializing param=model.decoder.layers.4.self_attn_layer_norm.weight]
Loading weights:  51%|#####     | 124/245 [00:00<00:00, 6155.68it/s, Materializing param=model.decoder.layers.4.self_attn_layer_norm.weight]
Loading weights:  51%|#####1    | 125/245 [00:00<00:00, 6145.39it/s, Materializing param=model.decoder.layers.5.encoder_attn.k_proj.weight] 
Loading weights:  51%|#####1    | 125/245 [00:00<00:00, 6124.14it/s, Materializing param=model.decoder.layers.5.encoder_attn.k_proj.weight]
Loading weights:  51%|#####1    | 126/245 [00:00<00:00, 6094.83it/s, Materializing param=model.decoder.layers.5.encoder_attn.out_proj.bias]
Loading weights:  51%|#####1    | 126/245 [00:00<00:00, 6083.25it/s, Materializing param=model.decoder.layers.5.encoder_attn.out_proj.bias]
Loading weights:  52%|#####1    | 127/245 [00:00<00:00, 6071.70it/s, Materializing param=model.decoder.layers.5.encoder_attn.out_proj.weight]
Loading weights:  52%|#####1    | 127/245 [00:00<00:00, 6025.55it/s, Materializing param=model.decoder.layers.5.encoder_attn.out_proj.weight]
Loading weights:  52%|#####2    | 128/245 [00:00<00:00, 5996.41it/s, Materializing param=model.decoder.layers.5.encoder_attn.q_proj.bias]    
Loading weights:  52%|#####2    | 128/245 [00:00<00:00, 5978.19it/s, Materializing param=model.decoder.layers.5.encoder_attn.q_proj.bias]
Loading weights:  53%|#####2    | 129/245 [00:00<00:00, 6000.50it/s, Materializing param=model.decoder.layers.5.encoder_attn.q_proj.weight]
Loading weights:  53%|#####2    | 129/245 [00:00<00:00, 5990.34it/s, Materializing param=model.decoder.layers.5.encoder_attn.q_proj.weight]
Loading weights:  53%|#####3    | 130/245 [00:00<00:00, 6016.99it/s, Materializing param=model.decoder.layers.5.encoder_attn.v_proj.bias]  
Loading weights:  53%|#####3    | 130/245 [00:00<00:00, 6007.97it/s, Materializing param=model.decoder.layers.5.encoder_attn.v_proj.bias]
Loading weights:  53%|#####3    | 131/245 [00:00<00:00, 6005.29it/s, Materializing param=model.decoder.layers.5.encoder_attn.v_proj.weight]
Loading weights:  53%|#####3    | 131/245 [00:00<00:00, 5941.78it/s, Materializing param=model.decoder.layers.5.encoder_attn.v_proj.weight]
Loading weights:  54%|#####3    | 132/245 [00:00<00:00, 5966.49it/s, Materializing param=model.decoder.layers.5.encoder_attn_layer_norm.bias]
Loading weights:  54%|#####3    | 132/245 [00:00<00:00, 5959.68it/s, Materializing param=model.decoder.layers.5.encoder_attn_layer_norm.bias]
Loading weights:  54%|#####4    | 133/245 [00:00<00:00, 5991.73it/s, Materializing param=model.decoder.layers.5.encoder_attn_layer_norm.weight]
Loading weights:  54%|#####4    | 133/245 [00:00<00:00, 5986.27it/s, Materializing param=model.decoder.layers.5.encoder_attn_layer_norm.weight]
Loading weights:  55%|#####4    | 134/245 [00:00<00:00, 6018.49it/s, Materializing param=model.decoder.layers.5.fc1.bias]                      
Loading weights:  55%|#####4    | 134/245 [00:00<00:00, 6013.27it/s, Materializing param=model.decoder.layers.5.fc1.bias]
Loading weights:  55%|#####5    | 135/245 [00:00<00:00, 6046.76it/s, Materializing param=model.decoder.layers.5.fc1.weight]
Loading weights:  55%|#####5    | 135/245 [00:00<00:00, 6041.34it/s, Materializing param=model.decoder.layers.5.fc1.weight]
Loading weights:  56%|#####5    | 136/245 [00:00<00:00, 6047.38it/s, Materializing param=model.decoder.layers.5.fc2.bias]  
Loading weights:  56%|#####5    | 136/245 [00:00<00:00, 6030.50it/s, Materializing param=model.decoder.layers.5.fc2.bias]
Loading weights:  56%|#####5    | 137/245 [00:00<00:00, 6051.69it/s, Materializing param=model.decoder.layers.5.fc2.weight]
Loading weights:  56%|#####5    | 137/245 [00:00<00:00, 6042.20it/s, Materializing param=model.decoder.layers.5.fc2.weight]
Loading weights:  56%|#####6    | 138/245 [00:00<00:00, 6050.80it/s, Materializing param=model.decoder.layers.5.final_layer_norm.bias]
Loading weights:  56%|#####6    | 138/245 [00:00<00:00, 6035.22it/s, Materializing param=model.decoder.layers.5.final_layer_norm.bias]
Loading weights:  57%|#####6    | 139/245 [00:00<00:00, 6057.35it/s, Materializing param=model.decoder.layers.5.final_layer_norm.weight]
Loading weights:  57%|#####6    | 139/245 [00:00<00:00, 6030.91it/s, Materializing param=model.decoder.layers.5.final_layer_norm.weight]
Loading weights:  57%|#####7    | 140/245 [00:00<00:00, 6038.94it/s, Materializing param=model.decoder.layers.5.self_attn.k_proj.weight]
Loading weights:  57%|#####7    | 140/245 [00:00<00:00, 6028.28it/s, Materializing param=model.decoder.layers.5.self_attn.k_proj.weight]
Loading weights:  58%|#####7    | 141/245 [00:00<00:00, 5999.46it/s, Materializing param=model.decoder.layers.5.self_attn.out_proj.bias]
Loading weights:  58%|#####7    | 141/245 [00:00<00:00, 5982.77it/s, Materializing param=model.decoder.layers.5.self_attn.out_proj.bias]
Loading weights:  58%|#####7    | 142/245 [00:00<00:00, 5994.15it/s, Materializing param=model.decoder.layers.5.self_attn.out_proj.weight]
Loading weights:  58%|#####7    | 142/245 [00:00<00:00, 5951.75it/s, Materializing param=model.decoder.layers.5.self_attn.out_proj.weight]
Loading weights:  58%|#####8    | 143/245 [00:00<00:00, 5893.89it/s, Materializing param=model.decoder.layers.5.self_attn.q_proj.bias]    
Loading weights:  58%|#####8    | 143/245 [00:00<00:00, 5879.04it/s, Materializing param=model.decoder.layers.5.self_attn.q_proj.bias]
Loading weights:  59%|#####8    | 144/245 [00:00<00:00, 5899.85it/s, Materializing param=model.decoder.layers.5.self_attn.q_proj.weight]
Loading weights:  59%|#####8    | 144/245 [00:00<00:00, 5890.88it/s, Materializing param=model.decoder.layers.5.self_attn.q_proj.weight]
Loading weights:  59%|#####9    | 145/245 [00:00<00:00, 5915.11it/s, Materializing param=model.decoder.layers.5.self_attn.v_proj.bias]  
Loading weights:  59%|#####9    | 145/245 [00:00<00:00, 5907.24it/s, Materializing param=model.decoder.layers.5.self_attn.v_proj.bias]
Loading weights:  60%|#####9    | 146/245 [00:00<00:00, 5932.02it/s, Materializing param=model.decoder.layers.5.self_attn.v_proj.weight]
Loading weights:  60%|#####9    | 146/245 [00:00<00:00, 5924.56it/s, Materializing param=model.decoder.layers.5.self_attn.v_proj.weight]
Loading weights:  60%|######    | 147/245 [00:00<00:00, 5935.39it/s, Materializing param=model.decoder.layers.5.self_attn_layer_norm.bias]
Loading weights:  60%|######    | 147/245 [00:00<00:00, 5880.71it/s, Materializing param=model.decoder.layers.5.self_attn_layer_norm.bias]
Loading weights:  60%|######    | 148/245 [00:00<00:00, 5849.69it/s, Materializing param=model.decoder.layers.5.self_attn_layer_norm.weight]
Loading weights:  60%|######    | 148/245 [00:00<00:00, 5799.08it/s, Materializing param=model.decoder.layers.5.self_attn_layer_norm.weight]
Loading weights:  61%|######    | 149/245 [00:00<00:00, 5773.92it/s, Materializing param=model.encoder.conv1.bias]                          
Loading weights:  61%|######    | 149/245 [00:00<00:00, 5763.32it/s, Materializing param=model.encoder.conv1.bias]
Loading weights:  61%|######1   | 150/245 [00:00<00:00, 5772.40it/s, Materializing param=model.encoder.conv1.weight]
Loading weights:  61%|######1   | 150/245 [00:00<00:00, 5759.03it/s, Materializing param=model.encoder.conv1.weight]
Loading weights:  62%|######1   | 151/245 [00:00<00:00, 5759.10it/s, Materializing param=model.encoder.conv2.bias]  
Loading weights:  62%|######1   | 151/245 [00:00<00:00, 5735.94it/s, Materializing param=model.encoder.conv2.bias]
Loading weights:  62%|######2   | 152/245 [00:00<00:00, 5712.88it/s, Materializing param=model.encoder.conv2.weight]
Loading weights:  62%|######2   | 152/245 [00:00<00:00, 5699.65it/s, Materializing param=model.encoder.conv2.weight]
Loading weights:  62%|######2   | 153/245 [00:00<00:00, 5720.12it/s, Materializing param=model.encoder.embed_positions.weight]
Loading weights:  62%|######2   | 153/245 [00:00<00:00, 5712.58it/s, Materializing param=model.encoder.embed_positions.weight]
Loading weights:  63%|######2   | 154/245 [00:00<00:00, 5694.86it/s, Materializing param=model.encoder.layer_norm.bias]       
Loading weights:  63%|######2   | 154/245 [00:00<00:00, 5684.29it/s, Materializing param=model.encoder.layer_norm.bias]
Loading weights:  63%|######3   | 155/245 [00:00<00:00, 5679.42it/s, Materializing param=model.encoder.layer_norm.weight]
Loading weights:  63%|######3   | 155/245 [00:00<00:00, 5669.36it/s, Materializing param=model.encoder.layer_norm.weight]
Loading weights:  64%|######3   | 156/245 [00:00<00:00, 5688.13it/s, Materializing param=model.encoder.layers.0.fc1.bias]
Loading weights:  64%|######3   | 156/245 [00:00<00:00, 5674.57it/s, Materializing param=model.encoder.layers.0.fc1.bias]
Loading weights:  64%|######4   | 157/245 [00:00<00:00, 5689.53it/s, Materializing param=model.encoder.layers.0.fc1.weight]
Loading weights:  64%|######4   | 157/245 [00:00<00:00, 5682.80it/s, Materializing param=model.encoder.layers.0.fc1.weight]
Loading weights:  64%|######4   | 158/245 [00:00<00:00, 5695.50it/s, Materializing param=model.encoder.layers.0.fc2.bias]  
Loading weights:  64%|######4   | 158/245 [00:00<00:00, 5686.51it/s, Materializing param=model.encoder.layers.0.fc2.bias]
Loading weights:  65%|######4   | 159/245 [00:00<00:00, 5707.56it/s, Materializing param=model.encoder.layers.0.fc2.weight]
Loading weights:  65%|######4   | 159/245 [00:00<00:00, 5701.17it/s, Materializing param=model.encoder.layers.0.fc2.weight]
Loading weights:  65%|######5   | 160/245 [00:00<00:00, 5724.60it/s, Materializing param=model.encoder.layers.0.final_layer_norm.bias]
Loading weights:  65%|######5   | 160/245 [00:00<00:00, 5718.06it/s, Materializing param=model.encoder.layers.0.final_layer_norm.bias]
Loading weights:  66%|######5   | 161/245 [00:00<00:00, 5699.84it/s, Materializing param=model.encoder.layers.0.final_layer_norm.weight]
Loading weights:  66%|######5   | 161/245 [00:00<00:00, 5666.22it/s, Materializing param=model.encoder.layers.0.final_layer_norm.weight]
Loading weights:  66%|######6   | 162/245 [00:00<00:00, 5586.66it/s, Materializing param=model.encoder.layers.0.self_attn.k_proj.weight]
Loading weights:  66%|######6   | 162/245 [00:00<00:00, 5576.62it/s, Materializing param=model.encoder.layers.0.self_attn.k_proj.weight]
Loading weights:  67%|######6   | 163/245 [00:00<00:00, 5544.06it/s, Materializing param=model.encoder.layers.0.self_attn.out_proj.bias]
Loading weights:  67%|######6   | 163/245 [00:00<00:00, 5518.15it/s, Materializing param=model.encoder.layers.0.self_attn.out_proj.bias]
Loading weights:  67%|######6   | 164/245 [00:00<00:00, 5432.91it/s, Materializing param=model.encoder.layers.0.self_attn.out_proj.weight]
Loading weights:  67%|######6   | 164/245 [00:00<00:00, 5421.26it/s, Materializing param=model.encoder.layers.0.self_attn.out_proj.weight]
Loading weights:  67%|######7   | 165/245 [00:00<00:00, 5409.97it/s, Materializing param=model.encoder.layers.0.self_attn.q_proj.bias]    
Loading weights:  67%|######7   | 165/245 [00:00<00:00, 5384.05it/s, Materializing param=model.encoder.layers.0.self_attn.q_proj.bias]
Loading weights:  68%|######7   | 166/245 [00:00<00:00, 5393.31it/s, Materializing param=model.encoder.layers.0.self_attn.q_proj.weight]
Loading weights:  68%|######7   | 166/245 [00:00<00:00, 5381.97it/s, Materializing param=model.encoder.layers.0.self_attn.q_proj.weight]
Loading weights:  68%|######8   | 167/245 [00:00<00:00, 5372.24it/s, Materializing param=model.encoder.layers.0.self_attn.v_proj.bias]  
Loading weights:  68%|######8   | 167/245 [00:00<00:00, 5351.72it/s, Materializing param=model.encoder.layers.0.self_attn.v_proj.bias]
Loading weights:  69%|######8   | 168/245 [00:00<00:00, 5341.73it/s, Materializing param=model.encoder.layers.0.self_attn.v_proj.weight]
Loading weights:  69%|######8   | 168/245 [00:00<00:00, 5330.45it/s, Materializing param=model.encoder.layers.0.self_attn.v_proj.weight]
Loading weights:  69%|######8   | 169/245 [00:00<00:00, 5345.64it/s, Materializing param=model.encoder.layers.0.self_attn_layer_norm.bias]
Loading weights:  69%|######8   | 169/245 [00:00<00:00, 5317.81it/s, Materializing param=model.encoder.layers.0.self_attn_layer_norm.bias]
Loading weights:  69%|######9   | 170/245 [00:00<00:00, 5325.38it/s, Materializing param=model.encoder.layers.0.self_attn_layer_norm.weight]
Loading weights:  69%|######9   | 170/245 [00:00<00:00, 5315.14it/s, Materializing param=model.encoder.layers.0.self_attn_layer_norm.weight]
Loading weights:  70%|######9   | 171/245 [00:00<00:00, 5328.26it/s, Materializing param=model.encoder.layers.1.fc1.bias]                   
Loading weights:  70%|######9   | 171/245 [00:00<00:00, 5321.46it/s, Materializing param=model.encoder.layers.1.fc1.bias]
Loading weights:  70%|#######   | 172/245 [00:00<00:00, 5341.48it/s, Materializing param=model.encoder.layers.1.fc1.weight]
Loading weights:  70%|#######   | 172/245 [00:00<00:00, 5336.34it/s, Materializing param=model.encoder.layers.1.fc1.weight]
Loading weights:  71%|#######   | 173/245 [00:00<00:00, 5356.43it/s, Materializing param=model.encoder.layers.1.fc2.bias]  
Loading weights:  71%|#######   | 173/245 [00:00<00:00, 5351.34it/s, Materializing param=model.encoder.layers.1.fc2.bias]
Loading weights:  71%|#######1  | 174/245 [00:00<00:00, 5339.04it/s, Materializing param=model.encoder.layers.1.fc2.weight]
Loading weights:  71%|#######1  | 174/245 [00:00<00:00, 5328.86it/s, Materializing param=model.encoder.layers.1.fc2.weight]
Loading weights:  71%|#######1  | 175/245 [00:00<00:00, 5323.61it/s, Materializing param=model.encoder.layers.1.final_layer_norm.bias]
Loading weights:  71%|#######1  | 175/245 [00:00<00:00, 5314.63it/s, Materializing param=model.encoder.layers.1.final_layer_norm.bias]
Loading weights:  72%|#######1  | 176/245 [00:00<00:00, 5299.72it/s, Materializing param=model.encoder.layers.1.final_layer_norm.weight]
Loading weights:  72%|#######1  | 176/245 [00:00<00:00, 5287.19it/s, Materializing param=model.encoder.layers.1.final_layer_norm.weight]
Loading weights:  72%|#######2  | 177/245 [00:00<00:00, 5280.02it/s, Materializing param=model.encoder.layers.1.self_attn.k_proj.weight]
Loading weights:  72%|#######2  | 177/245 [00:00<00:00, 5269.75it/s, Materializing param=model.encoder.layers.1.self_attn.k_proj.weight]
Loading weights:  73%|#######2  | 178/245 [00:00<00:00, 5269.90it/s, Materializing param=model.encoder.layers.1.self_attn.out_proj.bias]
Loading weights:  73%|#######2  | 178/245 [00:00<00:00, 5252.36it/s, Materializing param=model.encoder.layers.1.self_attn.out_proj.bias]
Loading weights:  73%|#######3  | 179/245 [00:00<00:00, 5265.35it/s, Materializing param=model.encoder.layers.1.self_attn.out_proj.weight]
Loading weights:  73%|#######3  | 179/245 [00:00<00:00, 5260.70it/s, Materializing param=model.encoder.layers.1.self_attn.out_proj.weight]
Loading weights:  73%|#######3  | 180/245 [00:00<00:00, 5282.06it/s, Materializing param=model.encoder.layers.1.self_attn.q_proj.bias]    
Loading weights:  73%|#######3  | 180/245 [00:00<00:00, 5278.73it/s, Materializing param=model.encoder.layers.1.self_attn.q_proj.bias]
Loading weights:  74%|#######3  | 181/245 [00:00<00:00, 5300.53it/s, Materializing param=model.encoder.layers.1.self_attn.q_proj.weight]
Loading weights:  74%|#######3  | 181/245 [00:00<00:00, 5297.32it/s, Materializing param=model.encoder.layers.1.self_attn.q_proj.weight]
Loading weights:  74%|#######4  | 182/245 [00:00<00:00, 5320.09it/s, Materializing param=model.encoder.layers.1.self_attn.v_proj.bias]  
Loading weights:  74%|#######4  | 182/245 [00:00<00:00, 5316.75it/s, Materializing param=model.encoder.layers.1.self_attn.v_proj.bias]
Loading weights:  75%|#######4  | 183/245 [00:00<00:00, 5339.09it/s, Materializing param=model.encoder.layers.1.self_attn.v_proj.weight]
Loading weights:  75%|#######4  | 183/245 [00:00<00:00, 5334.45it/s, Materializing param=model.encoder.layers.1.self_attn.v_proj.weight]
Loading weights:  75%|#######5  | 184/245 [00:00<00:00, 5353.11it/s, Materializing param=model.encoder.layers.1.self_attn_layer_norm.bias]
Loading weights:  75%|#######5  | 184/245 [00:00<00:00, 5347.62it/s, Materializing param=model.encoder.layers.1.self_attn_layer_norm.bias]
Loading weights:  76%|#######5  | 185/245 [00:00<00:00, 5366.27it/s, Materializing param=model.encoder.layers.1.self_attn_layer_norm.weight]
Loading weights:  76%|#######5  | 185/245 [00:00<00:00, 5361.89it/s, Materializing param=model.encoder.layers.1.self_attn_layer_norm.weight]
Loading weights:  76%|#######5  | 186/245 [00:00<00:00, 5369.39it/s, Materializing param=model.encoder.layers.2.fc1.bias]                   
Loading weights:  76%|#######5  | 186/245 [00:00<00:00, 5360.87it/s, Materializing param=model.encoder.layers.2.fc1.bias]
Loading weights:  76%|#######6  | 187/245 [00:00<00:00, 5368.04it/s, Materializing param=model.encoder.layers.2.fc1.weight]
Loading weights:  76%|#######6  | 187/245 [00:00<00:00, 5361.84it/s, Materializing param=model.encoder.layers.2.fc1.weight]
Loading weights:  77%|#######6  | 188/245 [00:00<00:00, 5380.76it/s, Materializing param=model.encoder.layers.2.fc2.bias]  
Loading weights:  77%|#######6  | 188/245 [00:00<00:00, 5376.21it/s, Materializing param=model.encoder.layers.2.fc2.bias]
Loading weights:  77%|#######7  | 189/245 [00:00<00:00, 5396.49it/s, Materializing param=model.encoder.layers.2.fc2.weight]
Loading weights:  77%|#######7  | 189/245 [00:00<00:00, 5392.20it/s, Materializing param=model.encoder.layers.2.fc2.weight]
Loading weights:  78%|#######7  | 190/245 [00:00<00:00, 5412.78it/s, Materializing param=model.encoder.layers.2.final_layer_norm.bias]
Loading weights:  78%|#######7  | 190/245 [00:00<00:00, 5408.33it/s, Materializing param=model.encoder.layers.2.final_layer_norm.bias]
Loading weights:  78%|#######7  | 191/245 [00:00<00:00, 5428.77it/s, Materializing param=model.encoder.layers.2.final_layer_norm.weight]
Loading weights:  78%|#######7  | 191/245 [00:00<00:00, 5424.35it/s, Materializing param=model.encoder.layers.2.final_layer_norm.weight]
Loading weights:  78%|#######8  | 192/245 [00:00<00:00, 5444.79it/s, Materializing param=model.encoder.layers.2.self_attn.k_proj.weight]
Loading weights:  78%|#######8  | 192/245 [00:00<00:00, 5440.52it/s, Materializing param=model.encoder.layers.2.self_attn.k_proj.weight]
Loading weights:  79%|#######8  | 193/245 [00:00<00:00, 5460.74it/s, Materializing param=model.encoder.layers.2.self_attn.out_proj.bias]
Loading weights:  79%|#######8  | 193/245 [00:00<00:00, 5456.62it/s, Materializing param=model.encoder.layers.2.self_attn.out_proj.bias]
Loading weights:  79%|#######9  | 194/245 [00:00<00:00, 5478.87it/s, Materializing param=model.encoder.layers.2.self_attn.out_proj.weight]
Loading weights:  79%|#######9  | 194/245 [00:00<00:00, 5476.18it/s, Materializing param=model.encoder.layers.2.self_attn.out_proj.weight]
Loading weights:  80%|#######9  | 195/245 [00:00<00:00, 5499.38it/s, Materializing param=model.encoder.layers.2.self_attn.q_proj.bias]    
Loading weights:  80%|#######9  | 195/245 [00:00<00:00, 5496.68it/s, Materializing param=model.encoder.layers.2.self_attn.q_proj.bias]
Loading weights:  80%|########  | 196/245 [00:00<00:00, 5519.82it/s, Materializing param=model.encoder.layers.2.self_attn.q_proj.weight]
Loading weights:  80%|########  | 196/245 [00:00<00:00, 5516.90it/s, Materializing param=model.encoder.layers.2.self_attn.q_proj.weight]
Loading weights:  80%|########  | 197/245 [00:00<00:00, 5539.84it/s, Materializing param=model.encoder.layers.2.self_attn.v_proj.bias]  
Loading weights:  80%|########  | 197/245 [00:00<00:00, 5533.38it/s, Materializing param=model.encoder.layers.2.self_attn.v_proj.bias]
Loading weights:  81%|########  | 198/245 [00:00<00:00, 5542.87it/s, Materializing param=model.encoder.layers.2.self_attn.v_proj.weight]
Loading weights:  81%|########  | 198/245 [00:00<00:00, 5532.87it/s, Materializing param=model.encoder.layers.2.self_attn.v_proj.weight]
Loading weights:  81%|########1 | 199/245 [00:00<00:00, 5543.23it/s, Materializing param=model.encoder.layers.2.self_attn_layer_norm.bias]
Loading weights:  81%|########1 | 199/245 [00:00<00:00, 5534.45it/s, Materializing param=model.encoder.layers.2.self_attn_layer_norm.bias]
Loading weights:  82%|########1 | 200/245 [00:00<00:00, 5550.99it/s, Materializing param=model.encoder.layers.2.self_attn_layer_norm.weight]
Loading weights:  82%|########1 | 200/245 [00:00<00:00, 5545.89it/s, Materializing param=model.encoder.layers.2.self_attn_layer_norm.weight]
Loading weights:  82%|########2 | 201/245 [00:00<00:00, 5565.01it/s, Materializing param=model.encoder.layers.3.fc1.bias]                   
Loading weights:  82%|########2 | 201/245 [00:00<00:00, 5560.32it/s, Materializing param=model.encoder.layers.3.fc1.bias]
Loading weights:  82%|########2 | 202/245 [00:00<00:00, 5577.57it/s, Materializing param=model.encoder.layers.3.fc1.weight]
Loading weights:  82%|########2 | 202/245 [00:00<00:00, 5570.89it/s, Materializing param=model.encoder.layers.3.fc1.weight]
Loading weights:  83%|########2 | 203/245 [00:00<00:00, 5587.12it/s, Materializing param=model.encoder.layers.3.fc2.bias]  
Loading weights:  83%|########2 | 203/245 [00:00<00:00, 5583.57it/s, Materializing param=model.encoder.layers.3.fc2.bias]
Loading weights:  83%|########3 | 204/245 [00:00<00:00, 5605.15it/s, Materializing param=model.encoder.layers.3.fc2.weight]
Loading weights:  83%|########3 | 204/245 [00:00<00:00, 5602.40it/s, Materializing param=model.encoder.layers.3.fc2.weight]
Loading weights:  84%|########3 | 205/245 [00:00<00:00, 5617.40it/s, Materializing param=model.encoder.layers.3.final_layer_norm.bias]
Loading weights:  84%|########3 | 205/245 [00:00<00:00, 5609.59it/s, Materializing param=model.encoder.layers.3.final_layer_norm.bias]
Loading weights:  84%|########4 | 206/245 [00:00<00:00, 5628.84it/s, Materializing param=model.encoder.layers.3.final_layer_norm.weight]
Loading weights:  84%|########4 | 206/245 [00:00<00:00, 5625.65it/s, Materializing param=model.encoder.layers.3.final_layer_norm.weight]
Loading weights:  84%|########4 | 207/245 [00:00<00:00, 5647.37it/s, Materializing param=model.encoder.layers.3.self_attn.k_proj.weight]
Loading weights:  84%|########4 | 207/245 [00:00<00:00, 5644.47it/s, Materializing param=model.encoder.layers.3.self_attn.k_proj.weight]
Loading weights:  85%|########4 | 208/245 [00:00<00:00, 5665.37it/s, Materializing param=model.encoder.layers.3.self_attn.out_proj.bias]
Loading weights:  85%|########4 | 208/245 [00:00<00:00, 5662.68it/s, Materializing param=model.encoder.layers.3.self_attn.out_proj.bias]
Loading weights:  85%|########5 | 209/245 [00:00<00:00, 5684.48it/s, Materializing param=model.encoder.layers.3.self_attn.out_proj.weight]
Loading weights:  85%|########5 | 209/245 [00:00<00:00, 5681.75it/s, Materializing param=model.encoder.layers.3.self_attn.out_proj.weight]
Loading weights:  86%|########5 | 210/245 [00:00<00:00, 5703.76it/s, Materializing param=model.encoder.layers.3.self_attn.q_proj.bias]    
Loading weights:  86%|########5 | 210/245 [00:00<00:00, 5701.03it/s, Materializing param=model.encoder.layers.3.self_attn.q_proj.bias]
Loading weights:  86%|########6 | 211/245 [00:00<00:00, 5722.92it/s, Materializing param=model.encoder.layers.3.self_attn.q_proj.weight]
Loading weights:  86%|########6 | 211/245 [00:00<00:00, 5720.22it/s, Materializing param=model.encoder.layers.3.self_attn.q_proj.weight]
Loading weights:  87%|########6 | 212/245 [00:00<00:00, 5742.21it/s, Materializing param=model.encoder.layers.3.self_attn.v_proj.bias]  
Loading weights:  87%|########6 | 212/245 [00:00<00:00, 5739.47it/s, Materializing param=model.encoder.layers.3.self_attn.v_proj.bias]
Loading weights:  87%|########6 | 213/245 [00:00<00:00, 5761.26it/s, Materializing param=model.encoder.layers.3.self_attn.v_proj.weight]
Loading weights:  87%|########6 | 213/245 [00:00<00:00, 5758.47it/s, Materializing param=model.encoder.layers.3.self_attn.v_proj.weight]
Loading weights:  87%|########7 | 214/245 [00:00<00:00, 5780.14it/s, Materializing param=model.encoder.layers.3.self_attn_layer_norm.bias]
Loading weights:  87%|########7 | 214/245 [00:00<00:00, 5777.35it/s, Materializing param=model.encoder.layers.3.self_attn_layer_norm.bias]
Loading weights:  88%|########7 | 215/245 [00:00<00:00, 5799.27it/s, Materializing param=model.encoder.layers.3.self_attn_layer_norm.weight]
Loading weights:  88%|########7 | 215/245 [00:00<00:00, 5796.59it/s, Materializing param=model.encoder.layers.3.self_attn_layer_norm.weight]
Loading weights:  88%|########8 | 216/245 [00:00<00:00, 5818.65it/s, Materializing param=model.encoder.layers.4.fc1.bias]                   
Loading weights:  88%|########8 | 216/245 [00:00<00:00, 5816.04it/s, Materializing param=model.encoder.layers.4.fc1.bias]
Loading weights:  89%|########8 | 217/245 [00:00<00:00, 5837.83it/s, Materializing param=model.encoder.layers.4.fc1.weight]
Loading weights:  89%|########8 | 217/245 [00:00<00:00, 5835.24it/s, Materializing param=model.encoder.layers.4.fc1.weight]
Loading weights:  89%|########8 | 218/245 [00:00<00:00, 5857.18it/s, Materializing param=model.encoder.layers.4.fc2.bias]  
Loading weights:  89%|########8 | 218/245 [00:00<00:00, 5854.52it/s, Materializing param=model.encoder.layers.4.fc2.bias]
Loading weights:  89%|########9 | 219/245 [00:00<00:00, 5876.56it/s, Materializing param=model.encoder.layers.4.fc2.weight]
Loading weights:  89%|########9 | 219/245 [00:00<00:00, 5873.96it/s, Materializing param=model.encoder.layers.4.fc2.weight]
Loading weights:  90%|########9 | 220/245 [00:00<00:00, 5896.00it/s, Materializing param=model.encoder.layers.4.final_layer_norm.bias]
Loading weights:  90%|########9 | 220/245 [00:00<00:00, 5893.36it/s, Materializing param=model.encoder.layers.4.final_layer_norm.bias]
Loading weights:  90%|######### | 221/245 [00:00<00:00, 5915.20it/s, Materializing param=model.encoder.layers.4.final_layer_norm.weight]
Loading weights:  90%|######### | 221/245 [00:00<00:00, 5912.44it/s, Materializing param=model.encoder.layers.4.final_layer_norm.weight]
Loading weights:  91%|######### | 222/245 [00:00<00:00, 5934.24it/s, Materializing param=model.encoder.layers.4.self_attn.k_proj.weight]
Loading weights:  91%|######### | 222/245 [00:00<00:00, 5931.48it/s, Materializing param=model.encoder.layers.4.self_attn.k_proj.weight]
Loading weights:  91%|#########1| 223/245 [00:00<00:00, 5953.00it/s, Materializing param=model.encoder.layers.4.self_attn.out_proj.bias]
Loading weights:  91%|#########1| 223/245 [00:00<00:00, 5950.35it/s, Materializing param=model.encoder.layers.4.self_attn.out_proj.bias]
Loading weights:  91%|#########1| 224/245 [00:00<00:00, 5971.91it/s, Materializing param=model.encoder.layers.4.self_attn.out_proj.weight]
Loading weights:  91%|#########1| 224/245 [00:00<00:00, 5969.10it/s, Materializing param=model.encoder.layers.4.self_attn.out_proj.weight]
Loading weights:  92%|#########1| 225/245 [00:00<00:00, 5990.76it/s, Materializing param=model.encoder.layers.4.self_attn.q_proj.bias]    
Loading weights:  92%|#########1| 225/245 [00:00<00:00, 5987.91it/s, Materializing param=model.encoder.layers.4.self_attn.q_proj.bias]
Loading weights:  92%|#########2| 226/245 [00:00<00:00, 6009.41it/s, Materializing param=model.encoder.layers.4.self_attn.q_proj.weight]
Loading weights:  92%|#########2| 226/245 [00:00<00:00, 6006.71it/s, Materializing param=model.encoder.layers.4.self_attn.q_proj.weight]
Loading weights:  93%|#########2| 227/245 [00:00<00:00, 6028.24it/s, Materializing param=model.encoder.layers.4.self_attn.v_proj.bias]  
Loading weights:  93%|#########2| 227/245 [00:00<00:00, 6025.57it/s, Materializing param=model.encoder.layers.4.self_attn.v_proj.bias]
Loading weights:  93%|#########3| 228/245 [00:00<00:00, 6047.03it/s, Materializing param=model.encoder.layers.4.self_attn.v_proj.weight]
Loading weights:  93%|#########3| 228/245 [00:00<00:00, 6044.32it/s, Materializing param=model.encoder.layers.4.self_attn.v_proj.weight]
Loading weights:  93%|#########3| 229/245 [00:00<00:00, 6065.88it/s, Materializing param=model.encoder.layers.4.self_attn_layer_norm.bias]
Loading weights:  93%|#########3| 229/245 [00:00<00:00, 6063.16it/s, Materializing param=model.encoder.layers.4.self_attn_layer_norm.bias]
Loading weights:  94%|#########3| 230/245 [00:00<00:00, 6084.72it/s, Materializing param=model.encoder.layers.4.self_attn_layer_norm.weight]
Loading weights:  94%|#########3| 230/245 [00:00<00:00, 6082.07it/s, Materializing param=model.encoder.layers.4.self_attn_layer_norm.weight]
Loading weights:  94%|#########4| 231/245 [00:00<00:00, 6103.59it/s, Materializing param=model.encoder.layers.5.fc1.bias]                   
Loading weights:  94%|#########4| 231/245 [00:00<00:00, 6100.90it/s, Materializing param=model.encoder.layers.5.fc1.bias]
Loading weights:  95%|#########4| 232/245 [00:00<00:00, 6122.11it/s, Materializing param=model.encoder.layers.5.fc1.weight]
Loading weights:  95%|#########4| 232/245 [00:00<00:00, 6119.41it/s, Materializing param=model.encoder.layers.5.fc1.weight]
Loading weights:  95%|#########5| 233/245 [00:00<00:00, 6140.96it/s, Materializing param=model.encoder.layers.5.fc2.bias]  
Loading weights:  95%|#########5| 233/245 [00:00<00:00, 6138.26it/s, Materializing param=model.encoder.layers.5.fc2.bias]
Loading weights:  96%|#########5| 234/245 [00:00<00:00, 6159.69it/s, Materializing param=model.encoder.layers.5.fc2.weight]
Loading weights:  96%|#########5| 234/245 [00:00<00:00, 6156.99it/s, Materializing param=model.encoder.layers.5.fc2.weight]
Loading weights:  96%|#########5| 235/245 [00:00<00:00, 6178.53it/s, Materializing param=model.encoder.layers.5.final_layer_norm.bias]
Loading weights:  96%|#########5| 235/245 [00:00<00:00, 6175.82it/s, Materializing param=model.encoder.layers.5.final_layer_norm.bias]
Loading weights:  96%|#########6| 236/245 [00:00<00:00, 6196.94it/s, Materializing param=model.encoder.layers.5.final_layer_norm.weight]
Loading weights:  96%|#########6| 236/245 [00:00<00:00, 6194.23it/s, Materializing param=model.encoder.layers.5.final_layer_norm.weight]
Loading weights:  97%|#########6| 237/245 [00:00<00:00, 6215.42it/s, Materializing param=model.encoder.layers.5.self_attn.k_proj.weight]
Loading weights:  97%|#########6| 237/245 [00:00<00:00, 6212.66it/s, Materializing param=model.encoder.layers.5.self_attn.k_proj.weight]
Loading weights:  97%|#########7| 238/245 [00:00<00:00, 6233.65it/s, Materializing param=model.encoder.layers.5.self_attn.out_proj.bias]
Loading weights:  97%|#########7| 238/245 [00:00<00:00, 6230.81it/s, Materializing param=model.encoder.layers.5.self_attn.out_proj.bias]
Loading weights:  98%|#########7| 239/245 [00:00<00:00, 6251.72it/s, Materializing param=model.encoder.layers.5.self_attn.out_proj.weight]
Loading weights:  98%|#########7| 239/245 [00:00<00:00, 6248.92it/s, Materializing param=model.encoder.layers.5.self_attn.out_proj.weight]
Loading weights:  98%|#########7| 240/245 [00:00<00:00, 6269.98it/s, Materializing param=model.encoder.layers.5.self_attn.q_proj.bias]    
Loading weights:  98%|#########7| 240/245 [00:00<00:00, 6267.25it/s, Materializing param=model.encoder.layers.5.self_attn.q_proj.bias]
Loading weights:  98%|#########8| 241/245 [00:00<00:00, 6288.19it/s, Materializing param=model.encoder.layers.5.self_attn.q_proj.weight]
Loading weights:  98%|#########8| 241/245 [00:00<00:00, 6285.42it/s, Materializing param=model.encoder.layers.5.self_attn.q_proj.weight]
Loading weights:  99%|#########8| 242/245 [00:00<00:00, 6306.40it/s, Materializing param=model.encoder.layers.5.self_attn.v_proj.bias]  
Loading weights:  99%|#########8| 242/245 [00:00<00:00, 6303.58it/s, Materializing param=model.encoder.layers.5.self_attn.v_proj.bias]
Loading weights:  99%|#########9| 243/245 [00:00<00:00, 6324.48it/s, Materializing param=model.encoder.layers.5.self_attn.v_proj.weight]
Loading weights:  99%|#########9| 243/245 [00:00<00:00, 6321.70it/s, Materializing param=model.encoder.layers.5.self_attn.v_proj.weight]
Loading weights: 100%|#########9| 244/245 [00:00<00:00, 6331.46it/s, Materializing param=model.encoder.layers.5.self_attn_layer_norm.bias]
Loading weights: 100%|#########9| 244/245 [00:00<00:00, 6324.84it/s, Materializing param=model.encoder.layers.5.self_attn_layer_norm.bias]
Loading weights: 100%|##########| 245/245 [00:00<00:00, 6342.85it/s, Materializing param=model.encoder.layers.5.self_attn_layer_norm.weight]
Loading weights: 100%|##########| 245/245 [00:00<00:00, 6339.48it/s, Materializing param=model.encoder.layers.5.self_attn_layer_norm.weight]
Loading weights: 100%|##########| 245/245 [00:00<00:00, 6329.41it/s, Materializing param=model.encoder.layers.5.self_attn_layer_norm.weight]
Passing `generation_config` together with generation-related arguments=({'num_beams'}) is deprecated and will be removed in future versions. Please pass either a `generation_config` object OR all generation parameters explicitly, but not both.
A custom logits processor of type <class 'transformers.generation.logits_process.SuppressTokensLogitsProcessor'> has been passed to `.generate()`, but it was also created in `.generate()`, given its parameterization. The custom <class 'transformers.generation.logits_process.SuppressTokensLogitsProcessor'> will take precedence. Please check the docstring of <class 'transformers.generation.logits_process.SuppressTokensLogitsProcessor'> to see related `.generate()` flags.
A custom logits processor of type <class 'transformers.generation.logits_process.SuppressTokensAtBeginLogitsProcessor'> has been passed to `.generate()`, but it was also created in `.generate()`, given its parameterization. The custom <class 'transformers.generation.logits_process.SuppressTokensAtBeginLogitsProcessor'> will take precedence. Please check the docstring of <class 'transformers.generation.logits_process.SuppressTokensAtBeginLogitsProcessor'> to see related `.generate()` flags.

Model: NbAiLab/nb-whisper-base
Device: GPU:0
Load time: 2.31s
Transcribe time: 1.51s
Avg CPU% during transcribe: 191.9%
RAM used by load: 0.145 GiB
RAM used by transcribe: 0.801 GiB
VRAM peak: 0.3285665512084961
GPU util avg/max: 23.3% / 50.0%
GPU power max: 68.2 W
GPU memory max (nvidia-smi): 1956 MiB
Text:  Nordmenn er nordlendinger, trndere, srlendinger og folk fra alle andre regioner. Nordmenn er ogs innvandret fra Afghanistan, Pakistan, Polen, Sverige, Somalia og Syria. Det er ikke alltid s lett  si hvor vi er fra. Det vi kaller hjem, er der hjertet vrt er. Og det kan ikke alltid plasseres innenfor landegrenser. Nordmenn er jenter som er glad i jenter, gutter som er glad i gutter. Og jenter og gutter som er glad i hverandre. Nordmenn tror p Gud, Allah, altet og ingenting. Nordmenn liker Grieg, Kygo, Kygo. Hellbillys og Kari Bremnes. Med andre ord, Norge er dere. Norge er oss. Mitt strste hp for Norge er at vi skal klare  ta vare p hverandre, at vi skal bygge dette landet videre p tillit, fellesskap og raushet.
