
Loading weights:   0%|          | 0/167 [00:00<?, ?it/s]
Loading weights:   1%|          | 1/167 [00:00<00:00, 14873.42it/s, Materializing param=model.decoder.embed_positions.weight]
Loading weights:   1%|          | 1/167 [00:00<00:00, 3751.61it/s, Materializing param=model.decoder.embed_positions.weight] 
Loading weights:   1%|1         | 2/167 [00:00<00:00, 5152.71it/s, Materializing param=model.decoder.embed_tokens.weight]   
Loading weights:   1%|1         | 2/167 [00:00<00:00, 4774.39it/s, Materializing param=model.decoder.embed_tokens.weight]
Loading weights:   2%|1         | 3/167 [00:00<00:00, 5809.29it/s, Materializing param=model.decoder.layer_norm.bias]    
Loading weights:   2%|1         | 3/167 [00:00<00:00, 5253.83it/s, Materializing param=model.decoder.layer_norm.bias]
Loading weights:   2%|2         | 4/167 [00:00<00:00, 6172.63it/s, Materializing param=model.decoder.layer_norm.weight]
Loading weights:   2%|2         | 4/167 [00:00<00:00, 5949.37it/s, Materializing param=model.decoder.layer_norm.weight]
Loading weights:   3%|2         | 5/167 [00:00<00:00, 6944.21it/s, Materializing param=model.decoder.layers.0.encoder_attn.k_proj.weight]
Loading weights:   3%|2         | 5/167 [00:00<00:00, 6747.59it/s, Materializing param=model.decoder.layers.0.encoder_attn.k_proj.weight]
Loading weights:   4%|3         | 6/167 [00:00<00:00, 7628.32it/s, Materializing param=model.decoder.layers.0.encoder_attn.out_proj.bias]
Loading weights:   4%|3         | 6/167 [00:00<00:00, 7423.55it/s, Materializing param=model.decoder.layers.0.encoder_attn.out_proj.bias]
Loading weights:   4%|4         | 7/167 [00:00<00:00, 7963.15it/s, Materializing param=model.decoder.layers.0.encoder_attn.out_proj.weight]
Loading weights:   4%|4         | 7/167 [00:00<00:00, 7765.18it/s, Materializing param=model.decoder.layers.0.encoder_attn.out_proj.weight]
Loading weights:   5%|4         | 8/167 [00:00<00:00, 7779.84it/s, Materializing param=model.decoder.layers.0.encoder_attn.q_proj.bias]    
Loading weights:   5%|4         | 8/167 [00:00<00:00, 7589.78it/s, Materializing param=model.decoder.layers.0.encoder_attn.q_proj.bias]
Loading weights:   5%|5         | 9/167 [00:00<00:00, 6790.56it/s, Materializing param=model.decoder.layers.0.encoder_attn.q_proj.weight]
Loading weights:   5%|5         | 9/167 [00:00<00:00, 6442.86it/s, Materializing param=model.decoder.layers.0.encoder_attn.q_proj.weight]
Loading weights:   6%|5         | 10/167 [00:00<00:00, 6640.76it/s, Materializing param=model.decoder.layers.0.encoder_attn.v_proj.bias] 
Loading weights:   6%|5         | 10/167 [00:00<00:00, 6505.82it/s, Materializing param=model.decoder.layers.0.encoder_attn.v_proj.bias]
Loading weights:   7%|6         | 11/167 [00:00<00:00, 6924.41it/s, Materializing param=model.decoder.layers.0.encoder_attn.v_proj.weight]
Loading weights:   7%|6         | 11/167 [00:00<00:00, 6830.10it/s, Materializing param=model.decoder.layers.0.encoder_attn.v_proj.weight]
Loading weights:   7%|7         | 12/167 [00:00<00:00, 7238.84it/s, Materializing param=model.decoder.layers.0.encoder_attn_layer_norm.bias]
Loading weights:   7%|7         | 12/167 [00:00<00:00, 7152.43it/s, Materializing param=model.decoder.layers.0.encoder_attn_layer_norm.bias]
Loading weights:   8%|7         | 13/167 [00:00<00:00, 7559.40it/s, Materializing param=model.decoder.layers.0.encoder_attn_layer_norm.weight]
Loading weights:   8%|7         | 13/167 [00:00<00:00, 7472.38it/s, Materializing param=model.decoder.layers.0.encoder_attn_layer_norm.weight]
Loading weights:   8%|8         | 14/167 [00:00<00:00, 7840.87it/s, Materializing param=model.decoder.layers.0.fc1.bias]                      
Loading weights:   8%|8         | 14/167 [00:00<00:00, 7752.87it/s, Materializing param=model.decoder.layers.0.fc1.bias]
Loading weights:   9%|8         | 15/167 [00:00<00:00, 8099.20it/s, Materializing param=model.decoder.layers.0.fc1.weight]
Loading weights:   9%|8         | 15/167 [00:00<00:00, 8013.57it/s, Materializing param=model.decoder.layers.0.fc1.weight]
Loading weights:  10%|9         | 16/167 [00:00<00:00, 5984.38it/s, Materializing param=model.decoder.layers.0.fc2.bias]  
Loading weights:  10%|9         | 16/167 [00:00<00:00, 5211.93it/s, Materializing param=model.decoder.layers.0.fc2.bias]
Loading weights:  10%|#         | 17/167 [00:00<00:00, 5372.05it/s, Materializing param=model.decoder.layers.0.fc2.weight]
Loading weights:  10%|#         | 17/167 [00:00<00:00, 5326.70it/s, Materializing param=model.decoder.layers.0.fc2.weight]
Loading weights:  11%|#         | 18/167 [00:00<00:00, 5559.46it/s, Materializing param=model.decoder.layers.0.final_layer_norm.bias]
Loading weights:  11%|#         | 18/167 [00:00<00:00, 5522.86it/s, Materializing param=model.decoder.layers.0.final_layer_norm.bias]
Loading weights:  11%|#1        | 19/167 [00:00<00:00, 5319.88it/s, Materializing param=model.decoder.layers.0.final_layer_norm.weight]
Loading weights:  11%|#1        | 19/167 [00:00<00:00, 5244.61it/s, Materializing param=model.decoder.layers.0.final_layer_norm.weight]
Loading weights:  12%|#1        | 20/167 [00:00<00:00, 5259.97it/s, Materializing param=model.decoder.layers.0.self_attn.k_proj.weight]
Loading weights:  12%|#1        | 20/167 [00:00<00:00, 5196.11it/s, Materializing param=model.decoder.layers.0.self_attn.k_proj.weight]
Loading weights:  13%|#2        | 21/167 [00:00<00:00, 5318.86it/s, Materializing param=model.decoder.layers.0.self_attn.out_proj.bias]
Loading weights:  13%|#2        | 21/167 [00:00<00:00, 5280.92it/s, Materializing param=model.decoder.layers.0.self_attn.out_proj.bias]
Loading weights:  13%|#3        | 22/167 [00:00<00:00, 5466.83it/s, Materializing param=model.decoder.layers.0.self_attn.out_proj.weight]
Loading weights:  13%|#3        | 22/167 [00:00<00:00, 5438.80it/s, Materializing param=model.decoder.layers.0.self_attn.out_proj.weight]
Loading weights:  14%|#3        | 23/167 [00:00<00:00, 5629.28it/s, Materializing param=model.decoder.layers.0.self_attn.q_proj.bias]    
Loading weights:  14%|#3        | 23/167 [00:00<00:00, 5602.15it/s, Materializing param=model.decoder.layers.0.self_attn.q_proj.bias]
Loading weights:  14%|#4        | 24/167 [00:00<00:00, 5786.24it/s, Materializing param=model.decoder.layers.0.self_attn.q_proj.weight]
Loading weights:  14%|#4        | 24/167 [00:00<00:00, 5759.10it/s, Materializing param=model.decoder.layers.0.self_attn.q_proj.weight]
Loading weights:  15%|#4        | 25/167 [00:00<00:00, 5940.60it/s, Materializing param=model.decoder.layers.0.self_attn.v_proj.bias]  
Loading weights:  15%|#4        | 25/167 [00:00<00:00, 5913.80it/s, Materializing param=model.decoder.layers.0.self_attn.v_proj.bias]
Loading weights:  16%|#5        | 26/167 [00:00<00:00, 5742.60it/s, Materializing param=model.decoder.layers.0.self_attn.v_proj.weight]
Loading weights:  16%|#5        | 26/167 [00:00<00:00, 5698.78it/s, Materializing param=model.decoder.layers.0.self_attn.v_proj.weight]
Loading weights:  16%|#6        | 27/167 [00:00<00:00, 5852.21it/s, Materializing param=model.decoder.layers.0.self_attn_layer_norm.bias]
Loading weights:  16%|#6        | 27/167 [00:00<00:00, 5826.02it/s, Materializing param=model.decoder.layers.0.self_attn_layer_norm.bias]
Loading weights:  17%|#6        | 28/167 [00:00<00:00, 5986.06it/s, Materializing param=model.decoder.layers.0.self_attn_layer_norm.weight]
Loading weights:  17%|#6        | 28/167 [00:00<00:00, 5961.45it/s, Materializing param=model.decoder.layers.0.self_attn_layer_norm.weight]
Loading weights:  17%|#7        | 29/167 [00:00<00:00, 6119.07it/s, Materializing param=model.decoder.layers.1.encoder_attn.k_proj.weight] 
Loading weights:  17%|#7        | 29/167 [00:00<00:00, 6091.49it/s, Materializing param=model.decoder.layers.1.encoder_attn.k_proj.weight]
Loading weights:  18%|#7        | 30/167 [00:00<00:00, 5794.30it/s, Materializing param=model.decoder.layers.1.encoder_attn.out_proj.bias]
Loading weights:  18%|#7        | 30/167 [00:00<00:00, 5739.07it/s, Materializing param=model.decoder.layers.1.encoder_attn.out_proj.bias]
Loading weights:  19%|#8        | 31/167 [00:00<00:00, 5863.25it/s, Materializing param=model.decoder.layers.1.encoder_attn.out_proj.weight]
Loading weights:  19%|#8        | 31/167 [00:00<00:00, 5836.93it/s, Materializing param=model.decoder.layers.1.encoder_attn.out_proj.weight]
Loading weights:  19%|#9        | 32/167 [00:00<00:00, 5097.91it/s, Materializing param=model.decoder.layers.1.encoder_attn.q_proj.bias]    
Loading weights:  19%|#9        | 32/167 [00:00<00:00, 5058.71it/s, Materializing param=model.decoder.layers.1.encoder_attn.q_proj.bias]
Loading weights:  20%|#9        | 33/167 [00:00<00:00, 5171.19it/s, Materializing param=model.decoder.layers.1.encoder_attn.q_proj.weight]
Loading weights:  20%|#9        | 33/167 [00:00<00:00, 5153.48it/s, Materializing param=model.decoder.layers.1.encoder_attn.q_proj.weight]
Loading weights:  20%|##        | 34/167 [00:00<00:00, 5220.04it/s, Materializing param=model.decoder.layers.1.encoder_attn.v_proj.bias]  
Loading weights:  20%|##        | 34/167 [00:00<00:00, 5177.03it/s, Materializing param=model.decoder.layers.1.encoder_attn.v_proj.bias]
Loading weights:  21%|##        | 35/167 [00:00<00:00, 5278.51it/s, Materializing param=model.decoder.layers.1.encoder_attn.v_proj.weight]
Loading weights:  21%|##        | 35/167 [00:00<00:00, 5260.16it/s, Materializing param=model.decoder.layers.1.encoder_attn.v_proj.weight]
Loading weights:  22%|##1       | 36/167 [00:00<00:00, 5153.24it/s, Materializing param=model.decoder.layers.1.encoder_attn_layer_norm.bias]
Loading weights:  22%|##1       | 36/167 [00:00<00:00, 5116.91it/s, Materializing param=model.decoder.layers.1.encoder_attn_layer_norm.bias]
Loading weights:  22%|##2       | 37/167 [00:00<00:00, 5209.62it/s, Materializing param=model.decoder.layers.1.encoder_attn_layer_norm.weight]
Loading weights:  22%|##2       | 37/167 [00:00<00:00, 5191.84it/s, Materializing param=model.decoder.layers.1.encoder_attn_layer_norm.weight]
Loading weights:  23%|##2       | 38/167 [00:00<00:00, 5265.05it/s, Materializing param=model.decoder.layers.1.fc1.bias]                      
Loading weights:  23%|##2       | 38/167 [00:00<00:00, 5239.78it/s, Materializing param=model.decoder.layers.1.fc1.bias]
Loading weights:  23%|##3       | 39/167 [00:00<00:00, 5147.68it/s, Materializing param=model.decoder.layers.1.fc1.weight]
Loading weights:  23%|##3       | 39/167 [00:00<00:00, 5118.53it/s, Materializing param=model.decoder.layers.1.fc1.weight]
Loading weights:  24%|##3       | 40/167 [00:00<00:00, 5213.39it/s, Materializing param=model.decoder.layers.1.fc2.bias]  
Loading weights:  24%|##3       | 40/167 [00:00<00:00, 5198.21it/s, Materializing param=model.decoder.layers.1.fc2.bias]
Loading weights:  25%|##4       | 41/167 [00:00<00:00, 5298.61it/s, Materializing param=model.decoder.layers.1.fc2.weight]
Loading weights:  25%|##4       | 41/167 [00:00<00:00, 5285.10it/s, Materializing param=model.decoder.layers.1.fc2.weight]
Loading weights:  25%|##5       | 42/167 [00:00<00:00, 5086.21it/s, Materializing param=model.decoder.layers.1.final_layer_norm.bias]
Loading weights:  25%|##5       | 42/167 [00:00<00:00, 5065.58it/s, Materializing param=model.decoder.layers.1.final_layer_norm.bias]
Loading weights:  26%|##5       | 43/167 [00:00<00:00, 5155.51it/s, Materializing param=model.decoder.layers.1.final_layer_norm.weight]
Loading weights:  26%|##5       | 43/167 [00:00<00:00, 5142.86it/s, Materializing param=model.decoder.layers.1.final_layer_norm.weight]
Loading weights:  26%|##6       | 44/167 [00:00<00:00, 5213.26it/s, Materializing param=model.decoder.layers.1.self_attn.k_proj.weight]
Loading weights:  26%|##6       | 44/167 [00:00<00:00, 5183.10it/s, Materializing param=model.decoder.layers.1.self_attn.k_proj.weight]
Loading weights:  27%|##6       | 45/167 [00:00<00:00, 5233.43it/s, Materializing param=model.decoder.layers.1.self_attn.out_proj.bias]
Loading weights:  27%|##6       | 45/167 [00:00<00:00, 5091.27it/s, Materializing param=model.decoder.layers.1.self_attn.out_proj.bias]
Loading weights:  28%|##7       | 46/167 [00:00<00:00, 5136.11it/s, Materializing param=model.decoder.layers.1.self_attn.out_proj.weight]
Loading weights:  28%|##7       | 46/167 [00:00<00:00, 5114.46it/s, Materializing param=model.decoder.layers.1.self_attn.out_proj.weight]
Loading weights:  28%|##8       | 47/167 [00:00<00:00, 5146.65it/s, Materializing param=model.decoder.layers.1.self_attn.q_proj.bias]    
Loading weights:  28%|##8       | 47/167 [00:00<00:00, 5131.11it/s, Materializing param=model.decoder.layers.1.self_attn.q_proj.bias]
Loading weights:  29%|##8       | 48/167 [00:00<00:00, 5213.69it/s, Materializing param=model.decoder.layers.1.self_attn.q_proj.weight]
Loading weights:  29%|##8       | 48/167 [00:00<00:00, 5201.97it/s, Materializing param=model.decoder.layers.1.self_attn.q_proj.weight]
Loading weights:  29%|##9       | 49/167 [00:00<00:00, 5285.76it/s, Materializing param=model.decoder.layers.1.self_attn.v_proj.bias]  
Loading weights:  29%|##9       | 49/167 [00:00<00:00, 5274.50it/s, Materializing param=model.decoder.layers.1.self_attn.v_proj.bias]
Loading weights:  30%|##9       | 50/167 [00:00<00:00, 5354.39it/s, Materializing param=model.decoder.layers.1.self_attn.v_proj.weight]
Loading weights:  30%|##9       | 50/167 [00:00<00:00, 5339.93it/s, Materializing param=model.decoder.layers.1.self_attn.v_proj.weight]
Loading weights:  31%|###       | 51/167 [00:00<00:00, 5414.06it/s, Materializing param=model.decoder.layers.1.self_attn_layer_norm.bias]
Loading weights:  31%|###       | 51/167 [00:00<00:00, 5401.76it/s, Materializing param=model.decoder.layers.1.self_attn_layer_norm.bias]
Loading weights:  31%|###1      | 52/167 [00:00<00:00, 5297.00it/s, Materializing param=model.decoder.layers.1.self_attn_layer_norm.weight]
Loading weights:  31%|###1      | 52/167 [00:00<00:00, 5150.52it/s, Materializing param=model.decoder.layers.1.self_attn_layer_norm.weight]
Loading weights:  32%|###1      | 53/167 [00:00<00:00, 5196.80it/s, Materializing param=model.decoder.layers.2.encoder_attn.k_proj.weight] 
Loading weights:  32%|###1      | 53/167 [00:00<00:00, 5146.03it/s, Materializing param=model.decoder.layers.2.encoder_attn.k_proj.weight]
Loading weights:  32%|###2      | 54/167 [00:00<00:00, 5048.65it/s, Materializing param=model.decoder.layers.2.encoder_attn.out_proj.bias]
Loading weights:  32%|###2      | 54/167 [00:00<00:00, 4829.37it/s, Materializing param=model.decoder.layers.2.encoder_attn.out_proj.bias]
Loading weights:  33%|###2      | 55/167 [00:00<00:00, 4873.90it/s, Materializing param=model.decoder.layers.2.encoder_attn.out_proj.weight]
Loading weights:  33%|###2      | 55/167 [00:00<00:00, 4861.89it/s, Materializing param=model.decoder.layers.2.encoder_attn.out_proj.weight]
Loading weights:  34%|###3      | 56/167 [00:00<00:00, 4902.24it/s, Materializing param=model.decoder.layers.2.encoder_attn.q_proj.bias]    
Loading weights:  34%|###3      | 56/167 [00:00<00:00, 4891.42it/s, Materializing param=model.decoder.layers.2.encoder_attn.q_proj.bias]
Loading weights:  34%|###4      | 57/167 [00:00<00:00, 4958.42it/s, Materializing param=model.decoder.layers.2.encoder_attn.q_proj.weight]
Loading weights:  34%|###4      | 57/167 [00:00<00:00, 4950.11it/s, Materializing param=model.decoder.layers.2.encoder_attn.q_proj.weight]
Loading weights:  35%|###4      | 58/167 [00:00<00:00, 4994.65it/s, Materializing param=model.decoder.layers.2.encoder_attn.v_proj.bias]  
Loading weights:  35%|###4      | 58/167 [00:00<00:00, 4984.93it/s, Materializing param=model.decoder.layers.2.encoder_attn.v_proj.bias]
Loading weights:  35%|###5      | 59/167 [00:00<00:00, 5052.55it/s, Materializing param=model.decoder.layers.2.encoder_attn.v_proj.weight]
Loading weights:  35%|###5      | 59/167 [00:00<00:00, 5044.42it/s, Materializing param=model.decoder.layers.2.encoder_attn.v_proj.weight]
Loading weights:  36%|###5      | 60/167 [00:00<00:00, 5006.33it/s, Materializing param=model.decoder.layers.2.encoder_attn_layer_norm.bias]
Loading weights:  36%|###5      | 60/167 [00:00<00:00, 4899.32it/s, Materializing param=model.decoder.layers.2.encoder_attn_layer_norm.bias]
Loading weights:  37%|###6      | 61/167 [00:00<00:00, 4875.80it/s, Materializing param=model.decoder.layers.2.encoder_attn_layer_norm.weight]
Loading weights:  37%|###6      | 61/167 [00:00<00:00, 4863.38it/s, Materializing param=model.decoder.layers.2.encoder_attn_layer_norm.weight]
Loading weights:  37%|###7      | 62/167 [00:00<00:00, 4909.60it/s, Materializing param=model.decoder.layers.2.fc1.bias]                      
Loading weights:  37%|###7      | 62/167 [00:00<00:00, 4825.24it/s, Materializing param=model.decoder.layers.2.fc1.bias]
Loading weights:  38%|###7      | 63/167 [00:00<00:00, 4850.95it/s, Materializing param=model.decoder.layers.2.fc1.weight]
Loading weights:  38%|###7      | 63/167 [00:00<00:00, 4831.88it/s, Materializing param=model.decoder.layers.2.fc1.weight]
Loading weights:  38%|###8      | 64/167 [00:00<00:00, 4885.35it/s, Materializing param=model.decoder.layers.2.fc2.bias]  
Loading weights:  38%|###8      | 64/167 [00:00<00:00, 4876.57it/s, Materializing param=model.decoder.layers.2.fc2.bias]
Loading weights:  39%|###8      | 65/167 [00:00<00:00, 4836.35it/s, Materializing param=model.decoder.layers.2.fc2.weight]
Loading weights:  39%|###8      | 65/167 [00:00<00:00, 4736.53it/s, Materializing param=model.decoder.layers.2.fc2.weight]
Loading weights:  40%|###9      | 66/167 [00:00<00:00, 4686.77it/s, Materializing param=model.decoder.layers.2.final_layer_norm.bias]
Loading weights:  40%|###9      | 66/167 [00:00<00:00, 4656.34it/s, Materializing param=model.decoder.layers.2.final_layer_norm.bias]
Loading weights:  40%|####      | 67/167 [00:00<00:00, 4661.42it/s, Materializing param=model.decoder.layers.2.final_layer_norm.weight]
Loading weights:  40%|####      | 67/167 [00:00<00:00, 4620.49it/s, Materializing param=model.decoder.layers.2.final_layer_norm.weight]
Loading weights:  41%|####      | 68/167 [00:00<00:00, 4521.66it/s, Materializing param=model.decoder.layers.2.self_attn.k_proj.weight]
Loading weights:  41%|####      | 68/167 [00:00<00:00, 4449.36it/s, Materializing param=model.decoder.layers.2.self_attn.k_proj.weight]
Loading weights:  41%|####1     | 69/167 [00:00<00:00, 4483.73it/s, Materializing param=model.decoder.layers.2.self_attn.out_proj.bias]
Loading weights:  41%|####1     | 69/167 [00:00<00:00, 4475.13it/s, Materializing param=model.decoder.layers.2.self_attn.out_proj.bias]
Loading weights:  42%|####1     | 70/167 [00:00<00:00, 4454.92it/s, Materializing param=model.decoder.layers.2.self_attn.out_proj.weight]
Loading weights:  42%|####1     | 70/167 [00:00<00:00, 4447.09it/s, Materializing param=model.decoder.layers.2.self_attn.out_proj.weight]
Loading weights:  43%|####2     | 71/167 [00:00<00:00, 4496.59it/s, Materializing param=model.decoder.layers.2.self_attn.q_proj.bias]    
Loading weights:  43%|####2     | 71/167 [00:00<00:00, 4491.03it/s, Materializing param=model.decoder.layers.2.self_attn.q_proj.bias]
Loading weights:  43%|####3     | 72/167 [00:00<00:00, 4542.23it/s, Materializing param=model.decoder.layers.2.self_attn.q_proj.weight]
Loading weights:  43%|####3     | 72/167 [00:00<00:00, 4536.36it/s, Materializing param=model.decoder.layers.2.self_attn.q_proj.weight]
Loading weights:  44%|####3     | 73/167 [00:00<00:00, 4498.54it/s, Materializing param=model.decoder.layers.2.self_attn.v_proj.bias]  
Loading weights:  44%|####3     | 73/167 [00:00<00:00, 4437.26it/s, Materializing param=model.decoder.layers.2.self_attn.v_proj.bias]
Loading weights:  44%|####4     | 74/167 [00:00<00:00, 4397.29it/s, Materializing param=model.decoder.layers.2.self_attn.v_proj.weight]
Loading weights:  44%|####4     | 74/167 [00:00<00:00, 4372.58it/s, Materializing param=model.decoder.layers.2.self_attn.v_proj.weight]
Loading weights:  45%|####4     | 75/167 [00:00<00:00, 4326.23it/s, Materializing param=model.decoder.layers.2.self_attn_layer_norm.bias]
Loading weights:  45%|####4     | 75/167 [00:00<00:00, 4313.18it/s, Materializing param=model.decoder.layers.2.self_attn_layer_norm.bias]
Loading weights:  46%|####5     | 76/167 [00:00<00:00, 4170.05it/s, Materializing param=model.decoder.layers.2.self_attn_layer_norm.weight]
Loading weights:  46%|####5     | 76/167 [00:00<00:00, 4159.39it/s, Materializing param=model.decoder.layers.2.self_attn_layer_norm.weight]
Loading weights:  46%|####6     | 77/167 [00:00<00:00, 4163.59it/s, Materializing param=model.decoder.layers.3.encoder_attn.k_proj.weight] 
Loading weights:  46%|####6     | 77/167 [00:00<00:00, 4150.96it/s, Materializing param=model.decoder.layers.3.encoder_attn.k_proj.weight]
Loading weights:  47%|####6     | 78/167 [00:00<00:00, 4187.27it/s, Materializing param=model.decoder.layers.3.encoder_attn.out_proj.bias]
Loading weights:  47%|####6     | 78/167 [00:00<00:00, 4181.71it/s, Materializing param=model.decoder.layers.3.encoder_attn.out_proj.bias]
Loading weights:  47%|####7     | 79/167 [00:00<00:00, 4213.72it/s, Materializing param=model.decoder.layers.3.encoder_attn.out_proj.weight]
Loading weights:  47%|####7     | 79/167 [00:00<00:00, 4203.30it/s, Materializing param=model.decoder.layers.3.encoder_attn.out_proj.weight]
Loading weights:  48%|####7     | 80/167 [00:00<00:00, 4243.74it/s, Materializing param=model.decoder.layers.3.encoder_attn.q_proj.bias]    
Loading weights:  48%|####7     | 80/167 [00:00<00:00, 4238.92it/s, Materializing param=model.decoder.layers.3.encoder_attn.q_proj.bias]
Loading weights:  49%|####8     | 81/167 [00:00<00:00, 4281.79it/s, Materializing param=model.decoder.layers.3.encoder_attn.q_proj.weight]
Loading weights:  49%|####8     | 81/167 [00:00<00:00, 4277.37it/s, Materializing param=model.decoder.layers.3.encoder_attn.q_proj.weight]
Loading weights:  49%|####9     | 82/167 [00:00<00:00, 4320.98it/s, Materializing param=model.decoder.layers.3.encoder_attn.v_proj.bias]  
Loading weights:  49%|####9     | 82/167 [00:00<00:00, 4316.81it/s, Materializing param=model.decoder.layers.3.encoder_attn.v_proj.bias]
Loading weights:  50%|####9     | 83/167 [00:00<00:00, 4360.69it/s, Materializing param=model.decoder.layers.3.encoder_attn.v_proj.weight]
Loading weights:  50%|####9     | 83/167 [00:00<00:00, 4356.38it/s, Materializing param=model.decoder.layers.3.encoder_attn.v_proj.weight]
Loading weights:  50%|#####     | 84/167 [00:00<00:00, 4308.48it/s, Materializing param=model.decoder.layers.3.encoder_attn_layer_norm.bias]
Loading weights:  50%|#####     | 84/167 [00:00<00:00, 4296.13it/s, Materializing param=model.decoder.layers.3.encoder_attn_layer_norm.bias]
Loading weights:  51%|#####     | 85/167 [00:00<00:00, 4280.93it/s, Materializing param=model.decoder.layers.3.encoder_attn_layer_norm.weight]
Loading weights:  51%|#####     | 85/167 [00:00<00:00, 4270.32it/s, Materializing param=model.decoder.layers.3.encoder_attn_layer_norm.weight]
Loading weights:  51%|#####1    | 86/167 [00:00<00:00, 4285.90it/s, Materializing param=model.decoder.layers.3.fc1.bias]                      
Loading weights:  51%|#####1    | 86/167 [00:00<00:00, 4275.79it/s, Materializing param=model.decoder.layers.3.fc1.bias]
Loading weights:  52%|#####2    | 87/167 [00:00<00:00, 4312.99it/s, Materializing param=model.decoder.layers.3.fc1.weight]
Loading weights:  52%|#####2    | 87/167 [00:00<00:00, 4308.30it/s, Materializing param=model.decoder.layers.3.fc1.weight]
Loading weights:  53%|#####2    | 88/167 [00:00<00:00, 4272.62it/s, Materializing param=model.decoder.layers.3.fc2.bias]  
Loading weights:  53%|#####2    | 88/167 [00:00<00:00, 4262.31it/s, Materializing param=model.decoder.layers.3.fc2.bias]
Loading weights:  53%|#####3    | 89/167 [00:00<00:00, 4298.98it/s, Materializing param=model.decoder.layers.3.fc2.weight]
Loading weights:  53%|#####3    | 89/167 [00:00<00:00, 4232.64it/s, Materializing param=model.decoder.layers.3.fc2.weight]
Loading weights:  54%|#####3    | 90/167 [00:00<00:00, 4260.10it/s, Materializing param=model.decoder.layers.3.final_layer_norm.bias]
Loading weights:  54%|#####3    | 90/167 [00:00<00:00, 4254.43it/s, Materializing param=model.decoder.layers.3.final_layer_norm.bias]
Loading weights:  54%|#####4    | 91/167 [00:00<00:00, 4291.93it/s, Materializing param=model.decoder.layers.3.final_layer_norm.weight]
Loading weights:  54%|#####4    | 91/167 [00:00<00:00, 4287.50it/s, Materializing param=model.decoder.layers.3.final_layer_norm.weight]
Loading weights:  55%|#####5    | 92/167 [00:00<00:00, 4326.35it/s, Materializing param=model.decoder.layers.3.self_attn.k_proj.weight]
Loading weights:  55%|#####5    | 92/167 [00:00<00:00, 4322.62it/s, Materializing param=model.decoder.layers.3.self_attn.k_proj.weight]
Loading weights:  56%|#####5    | 93/167 [00:00<00:00, 4361.15it/s, Materializing param=model.decoder.layers.3.self_attn.out_proj.bias]
Loading weights:  56%|#####5    | 93/167 [00:00<00:00, 4357.35it/s, Materializing param=model.decoder.layers.3.self_attn.out_proj.bias]
Loading weights:  56%|#####6    | 94/167 [00:00<00:00, 4395.91it/s, Materializing param=model.decoder.layers.3.self_attn.out_proj.weight]
Loading weights:  56%|#####6    | 94/167 [00:00<00:00, 4391.89it/s, Materializing param=model.decoder.layers.3.self_attn.out_proj.weight]
Loading weights:  57%|#####6    | 95/167 [00:00<00:00, 4375.45it/s, Materializing param=model.decoder.layers.3.self_attn.q_proj.bias]    
Loading weights:  57%|#####6    | 95/167 [00:00<00:00, 4365.86it/s, Materializing param=model.decoder.layers.3.self_attn.q_proj.bias]
Loading weights:  57%|#####7    | 96/167 [00:00<00:00, 4399.76it/s, Materializing param=model.decoder.layers.3.self_attn.q_proj.weight]
Loading weights:  57%|#####7    | 96/167 [00:00<00:00, 4395.30it/s, Materializing param=model.decoder.layers.3.self_attn.q_proj.weight]
Loading weights:  58%|#####8    | 97/167 [00:00<00:00, 4432.32it/s, Materializing param=model.decoder.layers.3.self_attn.v_proj.bias]  
Loading weights:  58%|#####8    | 97/167 [00:00<00:00, 4428.42it/s, Materializing param=model.decoder.layers.3.self_attn.v_proj.bias]
Loading weights:  59%|#####8    | 98/167 [00:00<00:00, 4406.16it/s, Materializing param=model.decoder.layers.3.self_attn.v_proj.weight]
Loading weights:  59%|#####8    | 98/167 [00:00<00:00, 4396.78it/s, Materializing param=model.decoder.layers.3.self_attn.v_proj.weight]
Loading weights:  59%|#####9    | 99/167 [00:00<00:00, 4429.99it/s, Materializing param=model.decoder.layers.3.self_attn_layer_norm.bias]
Loading weights:  59%|#####9    | 99/167 [00:00<00:00, 4425.69it/s, Materializing param=model.decoder.layers.3.self_attn_layer_norm.bias]
Loading weights:  60%|#####9    | 100/167 [00:00<00:00, 4420.55it/s, Materializing param=model.decoder.layers.3.self_attn_layer_norm.weight]
Loading weights:  60%|#####9    | 100/167 [00:00<00:00, 4411.06it/s, Materializing param=model.decoder.layers.3.self_attn_layer_norm.weight]
Loading weights:  60%|######    | 101/167 [00:00<00:00, 4434.05it/s, Materializing param=model.encoder.conv1.bias]                          
Loading weights:  60%|######    | 101/167 [00:00<00:00, 4369.20it/s, Materializing param=model.encoder.conv1.bias]
Loading weights:  61%|######1   | 102/167 [00:00<00:00, 4388.43it/s, Materializing param=model.encoder.conv1.weight]
Loading weights:  61%|######1   | 102/167 [00:00<00:00, 4321.36it/s, Materializing param=model.encoder.conv1.weight]
Loading weights:  62%|######1   | 103/167 [00:00<00:00, 4345.90it/s, Materializing param=model.encoder.conv2.bias]  
Loading weights:  62%|######1   | 103/167 [00:00<00:00, 4340.75it/s, Materializing param=model.encoder.conv2.bias]
Loading weights:  62%|######2   | 104/167 [00:00<00:00, 4374.46it/s, Materializing param=model.encoder.conv2.weight]
Loading weights:  62%|######2   | 104/167 [00:00<00:00, 4370.91it/s, Materializing param=model.encoder.conv2.weight]
Loading weights:  63%|######2   | 105/167 [00:00<00:00, 4405.61it/s, Materializing param=model.encoder.embed_positions.weight]
Loading weights:  63%|######2   | 105/167 [00:00<00:00, 4402.13it/s, Materializing param=model.encoder.embed_positions.weight]
Loading weights:  63%|######3   | 106/167 [00:00<00:00, 4436.56it/s, Materializing param=model.encoder.layer_norm.bias]       
Loading weights:  63%|######3   | 106/167 [00:00<00:00, 4433.15it/s, Materializing param=model.encoder.layer_norm.bias]
Loading weights:  64%|######4   | 107/167 [00:00<00:00, 4467.93it/s, Materializing param=model.encoder.layer_norm.weight]
Loading weights:  64%|######4   | 107/167 [00:00<00:00, 4464.56it/s, Materializing param=model.encoder.layer_norm.weight]
Loading weights:  65%|######4   | 108/167 [00:00<00:00, 4499.39it/s, Materializing param=model.encoder.layers.0.fc1.bias]
Loading weights:  65%|######4   | 108/167 [00:00<00:00, 4496.04it/s, Materializing param=model.encoder.layers.0.fc1.bias]
Loading weights:  65%|######5   | 109/167 [00:00<00:00, 4529.17it/s, Materializing param=model.encoder.layers.0.fc1.weight]
Loading weights:  65%|######5   | 109/167 [00:00<00:00, 4523.79it/s, Materializing param=model.encoder.layers.0.fc1.weight]
Loading weights:  66%|######5   | 110/167 [00:00<00:00, 4553.99it/s, Materializing param=model.encoder.layers.0.fc2.bias]  
Loading weights:  66%|######5   | 110/167 [00:00<00:00, 4550.17it/s, Materializing param=model.encoder.layers.0.fc2.bias]
Loading weights:  66%|######6   | 111/167 [00:00<00:00, 4583.71it/s, Materializing param=model.encoder.layers.0.fc2.weight]
Loading weights:  66%|######6   | 111/167 [00:00<00:00, 4580.24it/s, Materializing param=model.encoder.layers.0.fc2.weight]
Loading weights:  67%|######7   | 112/167 [00:00<00:00, 4614.06it/s, Materializing param=model.encoder.layers.0.final_layer_norm.bias]
Loading weights:  67%|######7   | 112/167 [00:00<00:00, 4610.39it/s, Materializing param=model.encoder.layers.0.final_layer_norm.bias]
Loading weights:  68%|######7   | 113/167 [00:00<00:00, 4643.63it/s, Materializing param=model.encoder.layers.0.final_layer_norm.weight]
Loading weights:  68%|######7   | 113/167 [00:00<00:00, 4639.99it/s, Materializing param=model.encoder.layers.0.final_layer_norm.weight]
Loading weights:  68%|######8   | 114/167 [00:00<00:00, 4613.22it/s, Materializing param=model.encoder.layers.0.self_attn.k_proj.weight]
Loading weights:  68%|######8   | 114/167 [00:00<00:00, 4604.60it/s, Materializing param=model.encoder.layers.0.self_attn.k_proj.weight]
Loading weights:  69%|######8   | 115/167 [00:00<00:00, 4634.19it/s, Materializing param=model.encoder.layers.0.self_attn.out_proj.bias]
Loading weights:  69%|######8   | 115/167 [00:00<00:00, 4630.05it/s, Materializing param=model.encoder.layers.0.self_attn.out_proj.bias]
Loading weights:  69%|######9   | 116/167 [00:00<00:00, 4650.00it/s, Materializing param=model.encoder.layers.0.self_attn.out_proj.weight]
Loading weights:  69%|######9   | 116/167 [00:00<00:00, 4640.65it/s, Materializing param=model.encoder.layers.0.self_attn.out_proj.weight]
Loading weights:  70%|#######   | 117/167 [00:00<00:00, 4616.11it/s, Materializing param=model.encoder.layers.0.self_attn.q_proj.bias]    
Loading weights:  70%|#######   | 117/167 [00:00<00:00, 4607.05it/s, Materializing param=model.encoder.layers.0.self_attn.q_proj.bias]
Loading weights:  71%|#######   | 118/167 [00:00<00:00, 4563.99it/s, Materializing param=model.encoder.layers.0.self_attn.q_proj.weight]
Loading weights:  71%|#######   | 118/167 [00:00<00:00, 4518.82it/s, Materializing param=model.encoder.layers.0.self_attn.q_proj.weight]
Loading weights:  71%|#######1  | 119/167 [00:00<00:00, 4517.11it/s, Materializing param=model.encoder.layers.0.self_attn.v_proj.bias]  
Loading weights:  71%|#######1  | 119/167 [00:00<00:00, 4508.95it/s, Materializing param=model.encoder.layers.0.self_attn.v_proj.bias]
Loading weights:  72%|#######1  | 120/167 [00:00<00:00, 4537.33it/s, Materializing param=model.encoder.layers.0.self_attn.v_proj.weight]
Loading weights:  72%|#######1  | 120/167 [00:00<00:00, 4533.57it/s, Materializing param=model.encoder.layers.0.self_attn.v_proj.weight]
Loading weights:  72%|#######2  | 121/167 [00:00<00:00, 4551.58it/s, Materializing param=model.encoder.layers.0.self_attn_layer_norm.bias]
Loading weights:  72%|#######2  | 121/167 [00:00<00:00, 4541.32it/s, Materializing param=model.encoder.layers.0.self_attn_layer_norm.bias]
Loading weights:  73%|#######3  | 122/167 [00:00<00:00, 4567.53it/s, Materializing param=model.encoder.layers.0.self_attn_layer_norm.weight]
Loading weights:  73%|#######3  | 122/167 [00:00<00:00, 4563.42it/s, Materializing param=model.encoder.layers.0.self_attn_layer_norm.weight]
Loading weights:  74%|#######3  | 123/167 [00:00<00:00, 4583.12it/s, Materializing param=model.encoder.layers.1.fc1.bias]                   
Loading weights:  74%|#######3  | 123/167 [00:00<00:00, 4577.84it/s, Materializing param=model.encoder.layers.1.fc1.bias]
Loading weights:  74%|#######4  | 124/167 [00:00<00:00, 4488.21it/s, Materializing param=model.encoder.layers.1.fc1.weight]
Loading weights:  74%|#######4  | 124/167 [00:00<00:00, 4480.44it/s, Materializing param=model.encoder.layers.1.fc1.weight]
Loading weights:  75%|#######4  | 125/167 [00:00<00:00, 4486.96it/s, Materializing param=model.encoder.layers.1.fc2.bias]  
Loading weights:  75%|#######4  | 125/167 [00:00<00:00, 4479.37it/s, Materializing param=model.encoder.layers.1.fc2.bias]
Loading weights:  75%|#######5  | 126/167 [00:00<00:00, 4506.04it/s, Materializing param=model.encoder.layers.1.fc2.weight]
Loading weights:  75%|#######5  | 126/167 [00:00<00:00, 4502.36it/s, Materializing param=model.encoder.layers.1.fc2.weight]
Loading weights:  76%|#######6  | 127/167 [00:00<00:00, 4531.22it/s, Materializing param=model.encoder.layers.1.final_layer_norm.bias]
Loading weights:  76%|#######6  | 127/167 [00:00<00:00, 4528.14it/s, Materializing param=model.encoder.layers.1.final_layer_norm.bias]
Loading weights:  77%|#######6  | 128/167 [00:00<00:00, 4557.25it/s, Materializing param=model.encoder.layers.1.final_layer_norm.weight]
Loading weights:  77%|#######6  | 128/167 [00:00<00:00, 4554.08it/s, Materializing param=model.encoder.layers.1.final_layer_norm.weight]
Loading weights:  77%|#######7  | 129/167 [00:00<00:00, 4510.87it/s, Materializing param=model.encoder.layers.1.self_attn.k_proj.weight]
Loading weights:  77%|#######7  | 129/167 [00:00<00:00, 4497.89it/s, Materializing param=model.encoder.layers.1.self_attn.k_proj.weight]
Loading weights:  78%|#######7  | 130/167 [00:00<00:00, 4497.51it/s, Materializing param=model.encoder.layers.1.self_attn.out_proj.bias]
Loading weights:  78%|#######7  | 130/167 [00:00<00:00, 4492.06it/s, Materializing param=model.encoder.layers.1.self_attn.out_proj.bias]
Loading weights:  78%|#######8  | 131/167 [00:00<00:00, 4518.16it/s, Materializing param=model.encoder.layers.1.self_attn.out_proj.weight]
Loading weights:  78%|#######8  | 131/167 [00:00<00:00, 4514.78it/s, Materializing param=model.encoder.layers.1.self_attn.out_proj.weight]
Loading weights:  79%|#######9  | 132/167 [00:00<00:00, 4542.34it/s, Materializing param=model.encoder.layers.1.self_attn.q_proj.bias]    
Loading weights:  79%|#######9  | 132/167 [00:00<00:00, 4539.14it/s, Materializing param=model.encoder.layers.1.self_attn.q_proj.bias]
Loading weights:  80%|#######9  | 133/167 [00:00<00:00, 4525.41it/s, Materializing param=model.encoder.layers.1.self_attn.q_proj.weight]
Loading weights:  80%|#######9  | 133/167 [00:00<00:00, 4510.00it/s, Materializing param=model.encoder.layers.1.self_attn.q_proj.weight]
Loading weights:  80%|########  | 134/167 [00:00<00:00, 4523.43it/s, Materializing param=model.encoder.layers.1.self_attn.v_proj.bias]  
Loading weights:  80%|########  | 134/167 [00:00<00:00, 4519.32it/s, Materializing param=model.encoder.layers.1.self_attn.v_proj.bias]
Loading weights:  81%|########  | 135/167 [00:00<00:00, 4546.43it/s, Materializing param=model.encoder.layers.1.self_attn.v_proj.weight]
Loading weights:  81%|########  | 135/167 [00:00<00:00, 4543.48it/s, Materializing param=model.encoder.layers.1.self_attn.v_proj.weight]
Loading weights:  81%|########1 | 136/167 [00:00<00:00, 4571.05it/s, Materializing param=model.encoder.layers.1.self_attn_layer_norm.bias]
Loading weights:  81%|########1 | 136/167 [00:00<00:00, 4568.12it/s, Materializing param=model.encoder.layers.1.self_attn_layer_norm.bias]
Loading weights:  82%|########2 | 137/167 [00:00<00:00, 4595.78it/s, Materializing param=model.encoder.layers.1.self_attn_layer_norm.weight]
Loading weights:  82%|########2 | 137/167 [00:00<00:00, 4592.77it/s, Materializing param=model.encoder.layers.1.self_attn_layer_norm.weight]
Loading weights:  83%|########2 | 138/167 [00:00<00:00, 4620.53it/s, Materializing param=model.encoder.layers.2.fc1.bias]                   
Loading weights:  83%|########2 | 138/167 [00:00<00:00, 4617.62it/s, Materializing param=model.encoder.layers.2.fc1.bias]
Loading weights:  83%|########3 | 139/167 [00:00<00:00, 4645.30it/s, Materializing param=model.encoder.layers.2.fc1.weight]
Loading weights:  83%|########3 | 139/167 [00:00<00:00, 4642.38it/s, Materializing param=model.encoder.layers.2.fc1.weight]
Loading weights:  84%|########3 | 140/167 [00:00<00:00, 4670.23it/s, Materializing param=model.encoder.layers.2.fc2.bias]  
Loading weights:  84%|########3 | 140/167 [00:00<00:00, 4667.34it/s, Materializing param=model.encoder.layers.2.fc2.bias]
Loading weights:  84%|########4 | 141/167 [00:00<00:00, 4694.97it/s, Materializing param=model.encoder.layers.2.fc2.weight]
Loading weights:  84%|########4 | 141/167 [00:00<00:00, 4692.02it/s, Materializing param=model.encoder.layers.2.fc2.weight]
Loading weights:  85%|########5 | 142/167 [00:00<00:00, 4719.61it/s, Materializing param=model.encoder.layers.2.final_layer_norm.bias]
Loading weights:  85%|########5 | 142/167 [00:00<00:00, 4716.66it/s, Materializing param=model.encoder.layers.2.final_layer_norm.bias]
Loading weights:  86%|########5 | 143/167 [00:00<00:00, 4743.94it/s, Materializing param=model.encoder.layers.2.final_layer_norm.weight]
Loading weights:  86%|########5 | 143/167 [00:00<00:00, 4740.90it/s, Materializing param=model.encoder.layers.2.final_layer_norm.weight]
Loading weights:  86%|########6 | 144/167 [00:00<00:00, 4768.25it/s, Materializing param=model.encoder.layers.2.self_attn.k_proj.weight]
Loading weights:  86%|########6 | 144/167 [00:00<00:00, 4765.28it/s, Materializing param=model.encoder.layers.2.self_attn.k_proj.weight]
Loading weights:  87%|########6 | 145/167 [00:00<00:00, 4792.32it/s, Materializing param=model.encoder.layers.2.self_attn.out_proj.bias]
Loading weights:  87%|########6 | 145/167 [00:00<00:00, 4789.41it/s, Materializing param=model.encoder.layers.2.self_attn.out_proj.bias]
Loading weights:  87%|########7 | 146/167 [00:00<00:00, 4806.70it/s, Materializing param=model.encoder.layers.2.self_attn.out_proj.weight]
Loading weights:  87%|########7 | 146/167 [00:00<00:00, 4799.31it/s, Materializing param=model.encoder.layers.2.self_attn.out_proj.weight]
Loading weights:  88%|########8 | 147/167 [00:00<00:00, 4821.87it/s, Materializing param=model.encoder.layers.2.self_attn.q_proj.bias]    
Loading weights:  88%|########8 | 147/167 [00:00<00:00, 4818.14it/s, Materializing param=model.encoder.layers.2.self_attn.q_proj.bias]
Loading weights:  89%|########8 | 148/167 [00:00<00:00, 4829.44it/s, Materializing param=model.encoder.layers.2.self_attn.q_proj.weight]
Loading weights:  89%|########8 | 148/167 [00:00<00:00, 4822.39it/s, Materializing param=model.encoder.layers.2.self_attn.q_proj.weight]
Loading weights:  89%|########9 | 149/167 [00:00<00:00, 4847.44it/s, Materializing param=model.encoder.layers.2.self_attn.v_proj.bias]  
Loading weights:  89%|########9 | 149/167 [00:00<00:00, 4844.28it/s, Materializing param=model.encoder.layers.2.self_attn.v_proj.bias]
Loading weights:  90%|########9 | 150/167 [00:00<00:00, 4871.17it/s, Materializing param=model.encoder.layers.2.self_attn.v_proj.weight]
Loading weights:  90%|########9 | 150/167 [00:00<00:00, 4868.34it/s, Materializing param=model.encoder.layers.2.self_attn.v_proj.weight]
Loading weights:  90%|######### | 151/167 [00:00<00:00, 4891.34it/s, Materializing param=model.encoder.layers.2.self_attn_layer_norm.bias]
Loading weights:  90%|######### | 151/167 [00:00<00:00, 4884.39it/s, Materializing param=model.encoder.layers.2.self_attn_layer_norm.bias]
Loading weights:  91%|#########1| 152/167 [00:00<00:00, 4909.13it/s, Materializing param=model.encoder.layers.2.self_attn_layer_norm.weight]
Loading weights:  91%|#########1| 152/167 [00:00<00:00, 4905.96it/s, Materializing param=model.encoder.layers.2.self_attn_layer_norm.weight]
Loading weights:  92%|#########1| 153/167 [00:00<00:00, 4932.65it/s, Materializing param=model.encoder.layers.3.fc1.bias]                   
Loading weights:  92%|#########1| 153/167 [00:00<00:00, 4929.89it/s, Materializing param=model.encoder.layers.3.fc1.bias]
Loading weights:  92%|#########2| 154/167 [00:00<00:00, 4956.89it/s, Materializing param=model.encoder.layers.3.fc1.weight]
Loading weights:  92%|#########2| 154/167 [00:00<00:00, 4954.12it/s, Materializing param=model.encoder.layers.3.fc1.weight]
Loading weights:  93%|#########2| 155/167 [00:00<00:00, 4981.21it/s, Materializing param=model.encoder.layers.3.fc2.bias]  
Loading weights:  93%|#########2| 155/167 [00:00<00:00, 4978.38it/s, Materializing param=model.encoder.layers.3.fc2.bias]
Loading weights:  93%|#########3| 156/167 [00:00<00:00, 5005.40it/s, Materializing param=model.encoder.layers.3.fc2.weight]
Loading weights:  93%|#########3| 156/167 [00:00<00:00, 5002.46it/s, Materializing param=model.encoder.layers.3.fc2.weight]
Loading weights:  94%|#########4| 157/167 [00:00<00:00, 5029.33it/s, Materializing param=model.encoder.layers.3.final_layer_norm.bias]
Loading weights:  94%|#########4| 157/167 [00:00<00:00, 5026.42it/s, Materializing param=model.encoder.layers.3.final_layer_norm.bias]
Loading weights:  95%|#########4| 158/167 [00:00<00:00, 5053.11it/s, Materializing param=model.encoder.layers.3.final_layer_norm.weight]
Loading weights:  95%|#########4| 158/167 [00:00<00:00, 5050.11it/s, Materializing param=model.encoder.layers.3.final_layer_norm.weight]
Loading weights:  95%|#########5| 159/167 [00:00<00:00, 5076.88it/s, Materializing param=model.encoder.layers.3.self_attn.k_proj.weight]
Loading weights:  95%|#########5| 159/167 [00:00<00:00, 5074.03it/s, Materializing param=model.encoder.layers.3.self_attn.k_proj.weight]
Loading weights:  96%|#########5| 160/167 [00:00<00:00, 5100.78it/s, Materializing param=model.encoder.layers.3.self_attn.out_proj.bias]
Loading weights:  96%|#########5| 160/167 [00:00<00:00, 5093.57it/s, Materializing param=model.encoder.layers.3.self_attn.out_proj.bias]
Loading weights:  96%|#########6| 161/167 [00:00<00:00, 5111.75it/s, Materializing param=model.encoder.layers.3.self_attn.out_proj.weight]
Loading weights:  96%|#########6| 161/167 [00:00<00:00, 5107.77it/s, Materializing param=model.encoder.layers.3.self_attn.out_proj.weight]
Loading weights:  97%|#########7| 162/167 [00:00<00:00, 5133.17it/s, Materializing param=model.encoder.layers.3.self_attn.q_proj.bias]    
Loading weights:  97%|#########7| 162/167 [00:00<00:00, 5130.14it/s, Materializing param=model.encoder.layers.3.self_attn.q_proj.bias]
Loading weights:  98%|#########7| 163/167 [00:00<00:00, 5156.56it/s, Materializing param=model.encoder.layers.3.self_attn.q_proj.weight]
Loading weights:  98%|#########7| 163/167 [00:00<00:00, 5153.72it/s, Materializing param=model.encoder.layers.3.self_attn.q_proj.weight]
Loading weights:  98%|#########8| 164/167 [00:00<00:00, 5180.26it/s, Materializing param=model.encoder.layers.3.self_attn.v_proj.bias]  
Loading weights:  98%|#########8| 164/167 [00:00<00:00, 5177.45it/s, Materializing param=model.encoder.layers.3.self_attn.v_proj.bias]
Loading weights:  99%|#########8| 165/167 [00:00<00:00, 5203.89it/s, Materializing param=model.encoder.layers.3.self_attn.v_proj.weight]
Loading weights:  99%|#########8| 165/167 [00:00<00:00, 5201.15it/s, Materializing param=model.encoder.layers.3.self_attn.v_proj.weight]
Loading weights:  99%|#########9| 166/167 [00:00<00:00, 5227.49it/s, Materializing param=model.encoder.layers.3.self_attn_layer_norm.bias]
Loading weights:  99%|#########9| 166/167 [00:00<00:00, 5224.66it/s, Materializing param=model.encoder.layers.3.self_attn_layer_norm.bias]
Loading weights: 100%|##########| 167/167 [00:00<00:00, 5251.09it/s, Materializing param=model.encoder.layers.3.self_attn_layer_norm.weight]
Loading weights: 100%|##########| 167/167 [00:00<00:00, 5248.14it/s, Materializing param=model.encoder.layers.3.self_attn_layer_norm.weight]
Loading weights: 100%|##########| 167/167 [00:00<00:00, 5239.86it/s, Materializing param=model.encoder.layers.3.self_attn_layer_norm.weight]
Passing `generation_config` together with generation-related arguments=({'num_beams'}) is deprecated and will be removed in future versions. Please pass either a `generation_config` object OR all generation parameters explicitly, but not both.
A custom logits processor of type <class 'transformers.generation.logits_process.SuppressTokensLogitsProcessor'> has been passed to `.generate()`, but it was also created in `.generate()`, given its parameterization. The custom <class 'transformers.generation.logits_process.SuppressTokensLogitsProcessor'> will take precedence. Please check the docstring of <class 'transformers.generation.logits_process.SuppressTokensLogitsProcessor'> to see related `.generate()` flags.
A custom logits processor of type <class 'transformers.generation.logits_process.SuppressTokensAtBeginLogitsProcessor'> has been passed to `.generate()`, but it was also created in `.generate()`, given its parameterization. The custom <class 'transformers.generation.logits_process.SuppressTokensAtBeginLogitsProcessor'> will take precedence. Please check the docstring of <class 'transformers.generation.logits_process.SuppressTokensAtBeginLogitsProcessor'> to see related `.generate()` flags.

Model: NbAiLab/nb-whisper-tiny
Device: GPU:0
Load time: 2.67s
Transcribe time: 1.55s
Avg CPU% during transcribe: 188.4%
RAM used by load: 0.143 GiB
RAM used by transcribe: 0.828 GiB
VRAM peak: 0.18008136749267578
GPU util avg/max: 26.3% / 45.0%
GPU power max: 59.0 W
GPU memory max (nvidia-smi): 1719 MiB
Text:  Nordmenn er nordlendinger, trøndere, sørlendinger og folk fra alle andre regioner. Nordmenn er også innvandret fra Afghanistan, Pakistan og Polen, Sverige, Somalia og Syria. Det vi tilhører, det vi kaller hjem, er der hjertet vårt er. Og det kan ikke alltid plasseres innenfor landegrenser. Nordmenn er jenter som er glad i jenter, gutter som er glad i gutter, Vi er glade i gutter og jenter og gutter som er glad i hverandre. Nordmenn tror på Gud, Allah, Altet og ingenting. Nordmenn liker Grieg, Hugo, Helbiles og Kari Bremmes. Manror, Norge er dere, Norge er oss. Mitt største håp for Norge er at vi skal klare. Og ta vare på hverandre. At vi skal bygge dette landet videre. På tillit, fellesskap og raushet.
